[    0.000000] Linux version 4.15.0-3-generic buildd@lgw01amd64039)(gcc ersion 7.3.0 (Ubuntu 7.3.0-16buntu3)) #35-Ubuntu SMP Fri Aug 10 17:58:07 UTC 2018 (Ubuntu 4.15.0-32.35-generic 4.15.18)
[    0.000000] Command line: BOOT_IMAGE=/boot/vmlinuz-4.15.0-32-generic root=LABEL=cloudimg-rootfs ro console=tty1 console=ttyS0
[    0.000000] KERNEL supported cpus:
[    0.00000]   Inte GeninIntel
[  0.0000]   AM AthenticAMD
[    000000]  Cetaur CnturHals
[    0.000000]x8/fu: Suporting XSAVE feaure 0x01 '87  flatng point regsters'
[  0.000000] x86/fpu: Supportng XSAE eature 0x002: 'SSE registers'
[    0.000000] x86/fpu: Supporting XSAVE feature 0x004: 'AVX registers'
[    0.000000] x86/fpu: xstate_offset[2]:  576, state_sizes[2]:  256
[    0.000000] x86/fpu Enabled xstate features 0x7, context size is 832 bytes, using 'standard' forma.
[  0.000000] e820:BIOSprvide pysical RAM map:
    0.000000BIOSe80: [mem 0x0000000000000000-0x000000000009fff] usale
[    0.000000] BIS-820: [em 0x00000000009fc00-0x000000000009ffff] reserved
[    0.000000] IO-e820: [mem 0x000000000f0000-0x0000000000fffff] reseved
[    0.000000 BIOS-e820: [mem 0x0000000000100000-0x000000003ffeffff] usable
[   0.00000] BIOS-e820: [mem 0x00000000ff0000-0x00000003fffffff] ACPI data
[    0.000000] BIOS-e820: [mem 0x00000000fec00000-0x00000000fec00fff] esrved
[    .00000] OS-e820: [mem x00000000fee00000-0x000000fee00ff]reserved
[   0.000000] BIOS820:[mm 0x00000000fffc0000-0x00000000ffffffff] reserved
[    0.000000] NX (xeute Disable) protection: active
[    0.000000] SMBIOS 2.5 prset.
[   0.00000]DMI: inotek GmbH VirtualBx/Virtalox, BIOSVirtualBox 1/01/2006
[    0.000000] pervisor detected: KVM
[    0.000000] e820: last_pfn = 0x3fff0 max_arch_pfn = 0x400000000
[    0.000000] MTRR: Disabled
[    0.000000] x86/PAT: MTRRs disabled, skipping PAT initialization too.
[    0.000000] CPU MTRRs all blank - virtualized system.
[    0.0000000] x86/PAT: Configuration [0-7]: WB  WT  UC- UC  WB  WT  UC- UC  
[    0.000000] found SMP MP-table at [mem 0x0009fff0-0x0009ffff] mapped at [        (ptrval)]
[    0.000000] Scanning 1 areas for low memory corruption
[    0.000000] RAMDISK: [mem 0x35ae5000-0x36d69fff]
[    0.000000] ACPI: Early table checksum verification disabled
[    0.000000] ACPI: RSDP 0x00000000000E0000 000024 (v02 VBOX  )
[    0.000000] ACPI: XSDT 0x000000003FFF0030 00003C (v01 VBOX   VBOXXSDT 00000001 ASL  00000061)
[    0.000000] ACPI: FACP 0x000000003FFF00F0 0000F4 (v04 VBOX   VBOXFACP 00000001 ASL  00000061)
[    0.000000] ACPI: DSDT 0x000000003FFF0470 0021FF (v02 VBOX   VBOXBIOS 00000002 INTL 20100528)
[    0.000000] ACPI: FACS 0x000000003FFF0200 000040
[    0.000000] ACPI: FACS 0x000000003FFF0200 000040
[    0.000000] ACPI: APIC 0x000000003FFF0240 00005C (v02 VBOX   VBOXAPIC 00000001 ASL  00000061)
[    0.000000] ACPI: SSDT 0x000000003FFF02A0 0001CC (v01 VBOX   VBOXCPUT 00000002 INTL 20100528)
[    0.000000] No NUMA configuration found
[    0.000000] Faking a node at [mem 0x0000000000000000-0x000000003ffeffff]
[    0000000] NODE_DATA(0) allocated [mem 0x3fc500-x3ffefff
[   0.00000]kv-clok: cpu 0, msr 0:3ff44001, primry cpu clock
[    0.000000] kv-clock:Usng msrs 4b564d01 and 4b564d00
[   .000000] kvm-clock: using sched offset of 64648184cycles
[    0.000000] locksource: kv-cock: msk 0xfffffffffffffff ma_cycles: 0x1cd42e4dffb, max_idle_ns: 88590591483 ns
[    0.000000] Zone ranges:
[    0.000000]   DMA      [mem 0x0000000000001000-0x000000000ffffff]
[    0.000000]   DMA32    [mem 0x0000000001000000-0x000000003ffeffff]
[    0.000000]   Normal   empty
[    0.000000]   Device   empty
[    0.000000] Movable zone start for each node
[    0.000000] Early memory node ranges
[    0.000000]   node   0: [mem 0x0000000000001000-0x000000000009efff]
[    0.000000]   node   0: [mem 0x0000000000100000-0x000000003ffeffff]
[    0.000000] Iitem setup node 0 [mem 0x00000000001000-0x000003feffff]
[    0.000000] Reserved bt unavailable: 98 pages
[   .00000 ACPI: PMimer I Prt: 0x4008
[   0.00000]IOAPC[]: aicid 2, erion 32 address 0xfec0000GSI 0-23
[   0.000000] ACPI: INT_SRC_OVR (bus 0 bus_irq 0 global_irq 2 dfl dfl)
[    0.000000] ACPI: INT_SRC_OVR (bus 0 bus_irq 9 global_irq 9 low level)
[    0.000000] Using ACPI (MADT) for SMP configuration information
[    0.000000] smpboot:Allowing 2 CPUs, 0 hotplug CPUs
[    0.000000] PM: Registered nosave memory: [mem 0x00000000-0x00000fff]
[    0.000000] PM: Registered nosave memory: [mem 0x0009f000-0x0009ffff]
[   0.000000] PM: Registered nosave memory: [mem 0x000a0000-0x000effff]
[    0.000000] PM: Registered nosave memory: [mem 0x000f0000-0x000fffff]
[    0.000000] e820: [mem 0x40000000-0xfebffff] available for PCI devices
[    0.000000] Booting paravirtualized kernel on KVM
[    0.000000] clocksource: refined-jiffies: mask: 0xfffffff max_cycls: 0xffffff, mx_dle_ns: 7645196021568 ns
[    0.00000] rado: get_anom_byts called from start_krnl+0x99/04f with crngnit=0
[    0.000000]seup_percpu: NR_CPUS:8192 nr_cpumaskbits:2 nr_pu_is: nr_node_ids1
[     0.000000] percpu: Embedded 46 pages/cu @        (ptrval) s151552 r8192 d28672 u1048576[    0.000000] PV qspinlock hash table entries: 256 (order: 0, 4096 bytes)
[    0.000000] Built 1 zonelists, mobility grouping on.  Total pages: 257913
[    0.000000] Policy zone: DMA32
[    0.000000] Kernel command line: BOOT_IMAGE=/boot/vmlinuz-4.15.0-32-generic root=LABEL=cloudimg-rootfs ro console=tty1 console=ttyS0
[    0.000000] Memory: 983620K/1048120K available (12300K kernel code, 2470K rwdata, 4244K rodata, 2408K init, 2416K bss, 64500K reserved, 0K cma-reserved)
[    0.000000] SLUB: HWalign=64, Order=0-3, MinObjects=0, CPUs=2, Nodes=1
[    0.000000] Kernel/User page tables isolation: enabled
[    0.000000] ftrace: allocating 39116 entries in 153 pages
[    0.004000] Hierarchical RCU implementation.
[    0.004000] 	RCU restricting CPUs from NR_CPUS=8192 to nr_cpu_ids=2.
[    0.004000] Tasks RCU nabled.
[    0.004000] RCU: Adjusting geometry for ru_fano_lea=1, nr_cpu_is=
[   .00400 NR_IRQS 54544, nr_irqs: 440, prellocatd rqs: 16
[    0.004000] Csole: lour VGA+ 80x25
[    0.004000] console [tty1] enabled
[    0.004000] cnsole [tyS] enbled
[    0.004000] ACPI: Core revision 20170831
[    0.004000] ACPI: 2 ACPI AML tablessuccessfully acquired and loaded
[    0.004000] APIC: Switch to symmetric I/O mode setup
[    0.004356] x2apic enabled
[    0.005356] Switched APIC routing to physical x2apic.
[    0.012339] ..TIMER: vector=0x30 apic1=0 pin1=2 apic2=-1 pin2=-1
[    0.016003] tsc: Detected 2903.998 MHz processor
[    0.017130] Calibrating delay loop (skipped) preset value.. 5807.99 BogoMIPS (lpj=11615992)
[    0.020007] pid_max: default: 32768 minimum: 301
[    0.024042] Security Framework initialized
[    0.028007] Yama: becoming mindful.
[    0.032032] AppArmor: AppArmor initialized
[    0.035021] Dentry cache hash table entries: 131072 (order: 8, 1048576 bytes)
[    0.036076] Inode-cache hash table entries: 65536 (order: 7, 524288 bytes)
[    0.040015] Mount-cache hash table entries: 2048 (order: 2, 16384 bytes)
[    0.041772] Mountpoint-cache hash table entries: 2048 (order: 2, 16384 bytes)
[    0.044273] mce: CPU supports 0 MCE banks
[    0.045605] Last level iTLB entries: 4KB 64, 2MB 8, 4MB 8
[    0.048005] Last level dTLB entries: 4KB 64, 2MB 0, 4MB 0, 1GB 4
[    0.052008] Spectre V2 : Mitigation: Full generic retpoline
[    0.056003] Spectre V2 : Spectre v2 mitigation: Filling RSB on context switch
[    0.060006] Speculative Store Bypass: Vulnerable
[    0.061324] Freeing SMP alternatives memory: 36K
[    0.068000] smpboot: CPU0: Intel(R) Core(TM) i7-7820HQ CPU @ 2.90GHz (family: 0x6, model: 0x9e, stepping: 0x9)
[    0.068093] Performance Events: unsupported p6 CPU model 158 no PMU driver, software events only.
[    0.072046] Hierarchical SRCU implementation.
[    0.076529] NMI watchdog: Perf event create on CPU 0 failed with -2
[    0.080006] NMI watchdog: Perf NMI watchdog permanently disabled
[    0.084064] smp: Bringing up secondary CPUs ...
[    0.088076] x86: Booting SMP configuration:
[    0.092006] .... node  #0, CPUs:      #1
[    0.004000] kvm-clock: cpu 1, msr 0:3ff44041, secondary cpu clock
[    0.004000] mce: CPU supports 0 MCE banks
[    0.164024] smp: Brought up 1 node, 2 CPUs
[    0.168010] smpboot: Max logical packages: 1
[    0.172008] smpboot: Total of 2 processors activated (11615.99 BogoMIPS)
[    0.176159] devtmpfs: initialized
[    0.180070] x86/mm: Memory block size: 128MB
[    0.184154] evm: security.selinux
[    0.188011] evm: security.SMACK64
[    0.189088] evm: security.SMACK64EXEC
[    0.192009] evm: security.SMACK64TRANSMUTE
[    0.196007] evm: security.SMACK64MMAP
[    0.200007] evm: security.apparmor
[    0.204006] evm: security.ima
[    0.204968] evm: security.capability
[    0.208130] clocksource: jiffies: mask: 0xffffffff max_cycles: 0xffffffff, max_idle_ns: 7645041785100000 ns
[    0.212013] futex hash table entries: 512 (order: 3, 32768 bytes)
[    0.216115] pinctrl core: initialized pinctrl subsystem
[    0.220133] RTC time: 13:59:08, date: 08/20/18
[    0.224248] NET: Registered protocol family 16
[    0.228098] audit: initializing netlink subsys (disabled)
[    0.232059] audit: type=2000 audit(1534773547.464:1): state=initialized audit_enabled=0 res=1
[    0.240013] cpuidle: using governor ladder
[    0.244024] cpuidle: using governor menu
[    0.245495] ACPI: bus type PCI registered
[    0.248006] acpiphp: ACPI Hot Plug PCI Controller Driver version: 0.5
[    0.252149] PCI: Using configuration type 1 for base access
[    0.257113] HugeTLB registered 2.00 MiB page size, pre-allocated 0 pages
[    0.260135] ACPI: Added _OSI(Module Device)
[    0.261828] ACPI: Added _OSI(Processor Device)
[    0.264005] ACPI: Added _OSI(3.0 _SCP Extensions)
[    0.265606] ACPI: Added _OSI(Processor Aggregator Device)
[    0.268028] ACPI: Added _OSI(Linux-Dell-Video)
[    0.270252] ACPI: Executed 1 blocks of module-level executable AML code
[    0.278212] ACPI: Interpreter enabled
[    0.279519] ACPI: (supports S0 S5)
[    0.280004] ACPI: Using IOAPIC for interrupt routing
[    0.282028] PCI: Using host bridge windows from ACPI; if necessary, use "pci=nocrs" and report a bug
[    0.284184] ACPI: Enabled 2 GPEs in block 00 to 07
[    0.297252] ACPI: PCI Root Bridge [PCI0] (domain 0000 [bus 00-ff])
[    0.298795] acpi PNP0A03:00: _OSC: OS supports [ASPM ClockPM Segments MSI]
[    0.300026] acpi PNP0A03:00: _OSC: not requesting OS control; OS requires [ExtendedConfig ASPM ClockPM MSI]
[    0.304045] acpi PNP0A03:00: fail to add MMCONFIG information, can't access extended PCI configuration space under this bridge.
[    0.308479] PCI host bridge to bus 0000:00
[    0.309354] pci_bus 0000:00: root bus resource [io  0x0000-0x0cf7 window]
[    0.310614] pci_bus 0000:00: root bus resource [io  0x0d00-0xffff window]
[    0.312009] pci_bus 0000:00: root bus resource [mem 0x000a0000-0x000bffff window]
[    0.316007] pci_bus 0000:00: root bus resource [mem 0x40000000-0xfdffffff window]
[    0.320007] pci_bus 0000:00: root bus resource [bus 00-ff]
[    0.328654] pci 0000:00:01.1: legacy IDE quirk: reg 0x10: [io  0x01f0-0x01f7]
[    0.332006] pci 0000:00:01.1: legacy IDE quirk: reg 0x14: [io  0x03f6]
[    0.336008] pci 0000:00:01.1: legacy IDE quirk: reg 0x18: [io  0x0170-0x0177]
[    0.340021] pci 0000:00:01.1: legacy IDE quirk: reg 0x1c: [io  0x0376]
[    0.357386] pci 0000:00:07.0: quirk: [io  0x4000-0x403f] claimed by PIIX4 ACPI
[    0.360025] pci 0000:00:07.0: quirk: [io  0x4100-0x410f] claimed by PIIX4 SMB
[    0.373535] ACPI: PCI Interrupt Link [LNKA] (IRQs 5 9 10 *11)
[    0.375136] ACPI: PCI Interrupt Link [LNKB] (IRQs 5 9 *10 11)
[    0.376139] ACPI: PCI Interrupt Link [LNKC] (IRQs 5 *9 10 11)
[    0.377595] ACPI: PCI Interrupt Link [LNKD] (IRQs 5 9 10 *11)
[    0.379183] SCSI subsystem initialized
[    0.380057] pci 0000:00:02.0: vgaarb: setting as boot VGA device
[    0.381267] pci 0000:00:02.0: vgaarb: VGA device added: decodes=io+mem,owns=io+mem,locks=none
[    0.384013] pci 0000:00:02.0: vgaarb: bridge control possible
[    0.385217] vgaarb: loaded
[    0.385855] ACPI: bus type USB registered
[    0.388030] usbcore: registered new interface driver usbfs
[    0.389238] usbcore: registered new interface driver hub
[    0.390327] usbcore: registered new device driver usb
[    0.392055] EDAC MC: Ver: 3.0.0
[    0.393007] PCI: Using ACPI for IRQ routing
[    0.393282] NetLabel: Initializing
[    0.396003] NetLabel:  domain hash size = 128
[    0.397022] NetLabel:  protocols = UNLABELED CIPSOv4 CALIPSO
[    0.398209] NetLabel:  unlabeled traffic allowed by default
[    0.400069] clocksource: Switched to clocksource kvm-clock
[    0.413158] VFS: Disk quotas dquot_6.6.0
[    0.414453] VFS: Dquot-cache hash table entries: 512 (order 0, 4096 bytes)
[    0.417485] AppArmor: AppArmor Filesystem Enabled
[    0.418543] pnp: PnP ACPI init
[    0.420416] pnp: PnP ACPI: found 3 devices
[  030182]locksource: acpi_pm: mask: 0xffffff max_cycles: 0xffffff, max_idle_ns: 2085701024 ns
[    0.572674] NET: Registered protocol family 2

[    0.575617] TCP established hash table entries: 8192 (order: 4, 65536 bytes)
[    0.577629] TCPbi hshable entris:81 (rder 5, 13102 yt)
[    0.9380TC: sh tables configured(etaised81 bd 92
[  1.411686] UDP hash table entries: 512 (order: 2, 16384 byte)
[    .4020]DPite hash table entries: 512 (order: 2, 16384 bytes)
[    1.638244] NET: Registered protocol family 1
[    1.69498] pci 0000:00:00.: imin dret CI/PCI tanfes   19316pc00:001: ctvangISDM hngorkarounds

[    2.513800] pci 0000:00:02.0: Video device with shadowed ROM at [mem 0x000c0000-0x000dffff]
[    2.529510] Unpacking initramfs...
[    2.798109] Freeing initrd memory: 18964K
[    2.860788] platform rtc_cmos: registered platform RTC device (no PNP device found)
[    3.008184] Scanning for low memory corruption every 60 seconds
[    3.100395] Initialise system trusted keyrings
[    3.160560] Key type blacklist registered
[    3.209992] workingset: timestamp_bits=36 max_order=18 bucket_order=0
[    3.305557] zbud: loaded
[    3.346720] squashfs: version 4.0 (2009/01/31) Phillip Lougher
[    3.399807] fuse init (API version 7.26)
[    3.461872] Key type asymmetric registered
[    3.463273] Asymmetric key parser 'x509' registered
[    3.464300] Block layer SCSI generic (bsg) driver version 0.4 loaded (major 246)
[    3.465857] io scheduler noop registered
[    3.510633] io scheduler deadline registered
[    3.512440] io scheduler cfq registered (default)
[    3.514479] ACPI: AC Adapter [AC] (on-line)
[    3.521345] input: Power Button as /devices/LNXSYSTM:00/LNXPWRBN:00/input/input0
[    3.523552] ACPI: Power Button [PWRF]
[    3.524632] input: Sleep Button as /devices/LNXSYSTM:00/LNXSLPBN:00/input/input1
[    3.526320] ACPI: Sleep Button [SLPF]
[    3.527401] Serial: 8250/16550 driver, 32 ports, IRQ sharing enabled
[    3.528489] ACPI: Battery Slot [BAT0] (battery present)
[    3.597267] 00:02: ttyS0 at I/O 0x3f8 (irq = 4, base_baud = 115200) is a 16550A
[    3.608211] Linux agpgart interface v0.103
[    3.618392] loop: module loaded
[    3.621190] scsi host0: ata_piix
[    3.622127] scsi host1: ata_piix
[    3.622963] ata1: PATA max UDMA/33 cmd 0x1f0 ctl 0x3f6 bmdma 0xd000 irq 14
[    3.624282] ata2: PATA max UDMA/33 cmd 0x170 ctl 0x376 bmdma 0xd008 irq 15
[    3.625614] libphy: Fixed MDIO Bus: probed
[    3.626597] tun: Universal TUN/TAP device driver, 1.6
[    3.627628] PPP generic driver version 2.4.2
[    3.682168] ehci_hcd: USB 2.0 'Enhanced' Host Controller (EHCI) Driver
[    3.768104] ehci-pci: EHCI PCI platform driver
[    3.823490] ehci-platform: EHCI generic platform driver
[    3.840316] ohci_hcd: USB 1.1 'Open' Host Controller (OHCI) Driver
[    3.841919] ohci-pci: OHCI PCI platform driver
[    3.843032] ohci-platform: OHCI generic platform driver
[    3.844336] uhci_hcd: USB Universal Host Controller Interface driver
[    3.845989] i8042: PNP: PS/2 Controller [PNP0303:PS2K,PNP0f03:PS2M] at 0x60,0x64 irq 1,12
[    3.849978] serio: i8042 KBD port at 0x60,0x64 irq 1
[    3.851263] serio: i8042 AUXport at 0x60,0x64 irq 12

[    3.875746] tsc: Refined TSC clocksource calibration: 2903.883 MHz
[    3.877462] clocksource: tsc: mask: 0xffffffffffffffff max_cycles: 0x29db971a7ae, max_idle_ns: 440795234562 ns
[    3.877583] mousedev: PS/2 mouse device common for all mice
[    3.877910] input: AT Translated Set 2 keyboard as /devices/platform/i8042/serio0/input/input2
[    3.878293] rtc_cmos rtc_cmos: rtc core: registered rtc_cmos as rtc0
[    3.878367] rtc_cmos rtc_cmos: alarms up to one day, 114 bytes nvram
[    3.878373] i2c /dev entries driver
[    3.878425] device-mapper: uevent: version 1.0.3
[    3.878493] device-mapper: ioctl: 4.37.0-ioctl (2017-09-20) initialised: dm-devel@redhat.com
[    3.889731] ledtrig-cpu: registered to indicate activity on CPUs
[    4.049043] NET: Registered protocol family 10
[    4.152363] Segment Routing with IPv6
[    4.233150] NET: Registered protocol family 17
[    4.317639] Key type dns_resolver registered
[    4.443298] RAS: Correctable Errors collector initialized.
[    4.554219] sched_clock: Marking stable (4554185308, 0)->(14240764400, -9686579092)
[    4.654827] registered taskstats version 1
[    4.667362] Loading compiled-in X.509 certificates
[    4.678312] Loaded X.509 cert 'Build time autogenerated kernel key: cfed0c3f90bc86a77e51937f71922b89c4c6bbd5'
[    4.680553] zswap: loaded using pool lzo/zbud
[    4.684453] Key type big_key registered
[    4.685270] Key type trusted registered
[    4.687430] Key type encrypted registered
[    4.688362] AppArmor: AppArmor sha1 policy hashing enabled
[    4.689511] ima: No TPM chip found, activating TPM-bypass! (rc=-19)
[    4.690836] evm: HMAC attrs: 0x1
[    4.691831]   Magic number: 14:336:989
[    4.692926] rtc_cmos rtc_cmos: setting system clock to 2018-08-20 13:59:13 UTC (1534773553)
[    4.696132] BIOS EDD facility v0.16 2004-Jun-25, 0 devices found
[    4.697291] EDD information not available.
[    4.700469] Freeing unused kernel memory: 2408K
[    4.713204] Write protecting the kernel read-only data: 20480k
[    4.866614] Freeing unused kernel memory: 2008K
[    4.928302] Freeing unused kernel memory: 1900K
[    4.941208] x86/mm: Checked W+X mappings: passed, no W+X pages found.
[    4.943011] x86/mm: Checking user space page tables
[    4.948577] x86/mm: Checked W+X mappings: passed, no W+X pages found.
Loading, please wait...
starting version 237
[    5.009074] Fusion MPT base driver 3.04.20
[    5.191195] Copyright (c) 1999-2008 LSI Corporation
[    5.310236] e1000: Intel(R) PRO/1000 Network Driver - version 7.3.21-k8-NAPI
[    5.398528] e1000: Copyright (c) 1999-2006 Intel Corporation.
[    5.469021] Fusion MPT SPI Host driver 3.04.20
[    5.486624] AVX2 version of gcm_enc/dec engaged.
[    5.501790] AES CTR mode by8 optimization enabled
[    5.671457] input: ImExPS/2 Generic Explorer Mouse as /devices/platform/i8042/serio1/input/input4
[    5.869697] e1000 0000:00:03.0 eth0: (PCI:33MHz:32-bit) 02:53:16:74:4d:6b
[    6.445941] e1000 0000:00:03.0 eth0: Intel(R) PRO/1000 Network Connection
[    6.503113] e1000 0000:00:03.0 enp0s3: renamed from eth0
[    6.505295] mptbase: ioc0: Initiating bringup
[    6.612731] ioc0: LSI53C1030 A0: Capabilities={Initiator}
[    6.971674] scsi host2: ioc0: LSI53C1030 A0, FwRev=00000000h, Ports=1, MaxQ=256, IRQ=20
[    8.142995] scsi 2:0:0:0: Direct-Access     VBOX     HARDDISK         1.0  PQ: 0 ANSI: 5
[    8.260051] scsi target2:0:0: Beginning Domain Validation
[    8.266348] scsi target2:0:0: Domain Validation skipping write tests
[    8.269158] scsi target2:0:0: Ending Domain Validation
[    8.270554] scsi target2:0:0: asynchronous
[    8.272311] scsi 2:0:1:0: Direct-Access     VBOX     HARDDISK         1.0  PQ: 0 ANSI: 5
[    8.304410] scsi target2:0:1: Beginning Domain Validation
[    8.415617] random: fast init done
[    8.460691] scsi target2:0:1: Domain Validation skipping write tests
[    8.565712] scsi target2:0:1: Ending Domain Validation
[    8.704398] scsi target2:0:1: asynchronous
[    8.793751] random: systemd-udevd: uninitialized urandom read (16 bytes read)
[    8.793861] sd 2:0:0:0: Attached scsi generic sg0 type 0
[    8.794021] sd 2:0:1:0: Attached scsi generic sg1 type 0
[    8.930504] random: systemd-udevd: uninitialized urandom read (16 bytes read)
[    8.952592] random: systemd-udevd: uninitialized urandom read (16 bytes read)
[    8.952810] sd 2:0:1:0: [sdb] 20480 512-byte logical blocks: (10.5 MB/10.0 MiB)
[    8.952865] sd 2:0:1:0: [sdb] Write Protect is off
[    8.952991] sd 2:0:1:0: [sdb] Incomplete mode parameter data
[    8.952992] sd 2:0:1:0: [sdb] Assuming drive cache: write through
[    8.954758] sd 2:0:1:0: [sdb] Attached SCSI disk
[    8.957392] sd 2:0:0:0: [sda] 20971520 512-byte logical blocks: (10.7 GB/10.0 GiB)
[    8.957453] sd 2:0:0:0: [sda] Write Protect is off
[    8.957567] sd 2:0:0:0: [sda] Incomplete mode parameter data
[    8.957568] sd 2:0:0:0: [sda] Assuming drive cache: write through
[    8.963870]  sda: sda1
[    8.964409] sd 2:0:0:0: [sda] Attached SCSI disk
[    8.986952] random: systemd-udevd: uninitialized urandom read (16 bytes read)
[    8.990165] random: systemd-udevd: uninitialized urandom read (16 bytes read)
[    8.992257] random: systemd-udevd: uninitialized urandom read (16 bytes read)
[    8.993735] random: systemd-udevd: uninitialized urandom read (16 bytes read)
[    8.995226] random: systemd-udevd: uninitialized urandom read (16 bytes read)
[    8.996842] random: systemd-udevd: uninitialized urandom read (16 bytes read)
[    8.996906] random: systemd-udevd: uninitialized urandom read (16 bytes read)
Begin: Loading essential drivers ... [   10.397709] raid6: sse2x1   gen() 15157 MB/s
[   10.484054] raid6: sse2x1   xor()  7756 MB/s
[   10.620275] raid6: sse2x2   gen() 14785 MB/s
[   10.740459] raid6: sse2x2   xor() 10236 MB/s
[   10.858014] raid6: sse2x4   gen() 17639 MB/s
[   11.084372] raid6: sse2x4   xor() 10954 MB/s
[   11.165465] raid6: avx2x1   gen() 27213 MB/s
[   11.328485] raid6: avx2x1   xor() 17315 MB/s
[   11.476122] raid6: avx2x2   gen() 28515 MB/s
[   11.572038] raid6: avx2x2   xor() 14636 MB/s
[   11.623408] raid6: avx2x4   gen() 33632 MB/s
[   11.760430] raid6: avx2x4   xor() 18538 MB/s
[   11.908493] raid6: using algorithm avx2x4 gen() 33632 MB/s
[   12.079628] raid6: .... xor() 18538 MB/s, rmw enabled
[   12.162151] raid6: using avx2x2 recovery algorithm
[   12.166450] xor: automatically using best checksumming function   avx       
[   12.171059] async_tx: api initialized (async)
done.
Begin: Running /scripts/init-premount ... done.
Begin: Mounting root file system ... Begin: Running /scripts/local-top ... done.
Begin: Running /scripts/local-premount ... [   12.212819] Btrfs loaded, crc32c=crc32c-intel
Scanning for Btrfs filesystems
done.
Warning: fsck not present, so skipping root file system
[   12.266805] EXT4-fs (sda1): mounted filesystem with ordered data mode. Opts: (null)
done.
Begin: Running /scripts/local-bottom ... done.
Begin: Running /scripts/init-bottom ... done.
[   12.586328] ip_tables: (C) 2000-2006 Netfilter Core Team
[   12.648252] systemd[1]: systemd 237 running in system mode. (+PAM +AUDIT +SELINUX +IMA +APPARMOR +SMACK +SYSVINIT +UTMP +LIBCRYPTSETUP +GCRYPT +GNUTLS +ACL +XZ +LZ4 +SECCOMP +BLKID +ELFUTILS +KMOD -IDN2 +IDN -PCRE2 default-hierarchy=hybrid)
[   12.653416] systemd[1]: Detected virtualization oracle.
[   12.658362] systemd[1]: Detected architecture x86-64.

Welcome to [1mUbuntu 18.04.1 LTS[0m!

[   12.669458] systemd[1]: Set hostname to <ubuntu>.
[   12.673838] systemd[1]: Initializing machine ID from random generator.
[   12.675560] systemd[1]: Installed transient /etc/machine-id file.
[   12.896911] systemd[1]: Created slice System Slice.
[[0;32m  OK  [0m] Created slice System Slice.
[   12.971395] systemd[1]: Reached target Swap.
[[0;32m  OK  [0m] Reached target Swap.
[   13.140726] systemd[1]: Listening on Syslog Socket.
[[0;32m  OK  [0m] Listening on Syslog Socket.
[   13.248428] systemd[1]: Listening on Network Service Netlink Socket.
[[0;32m  OK  [0m] Listening on Network Service Netlink Socket.
[[0;32m  OK  [0m] Reached target System Time Synchronized.
[[0;32m  OK  [0m] Listening on Device-mapper event daemon FIFOs.
[[0;32m  OK  [0m] Listening on udev Control Socket.
[[0;32m  OK  [0m] Listening on Journal Socket.
         Starting Create list of required st…ce nodes for the current kernel...
         Mounting POSIX Message Queue File System...
         Starting Load Kernel Modules...
         Starting Set the console keyboard layout...
[[0;32m  OK  [0m] Listening on LVM2 metadata daemon socket.
         Starting Monitoring of LVM2 mirrors…ng dmeventd or progress polling...
[[0;32m  OK  [0m] Listening on Journal Socket (/dev/log).
[[0;32m  OK  [0m] Reached target User and Group Name Lookups.
[[0;32m  OK  [0m] Created slice system-serial\x2dgetty.slice.
[[0;32m  OK  [0m] Listening on Journal Audit Socket.
[   13.297850] Loading iSCSI transport class v2.0-870.
         Starting Journal Service...
[[0;32m  OK  [0m] Listening on udev Kernel Socket.
         Starting udev Coldplug all Devices...
[[0;32m  OK  [0m] Started Forward Password Requests to Wall Directory Watch.
[   13.307238] iscsi: registered transport (tcp)
[[0;32m  OK  [0m] Created slice User and Session Slice.
[[0;32m  OK  [0[   13.323539] iscsi: registered transport (iser)
m] Reached target Slices.
[[0;32m  OK  [0m] Set up automount Arbitrary Executab…rmats File System Automount Point.
[[0;32m  OK  [0m] Listening on /dev/initctl Compatibility Named Pipe.
         Mounting Huge Pages File System...
         Starting Uncomplicated firewall...
[[0;32m  OK  [0m] Listening on LVM2 poll daemon socket.
         Mounting Kernel Debug File System...
         Starting Remount Root and Kernel[   13.613867] EXT4-fs (sda1): re-mounted. Opts: (null)
 File Systems...
[[0;32m  OK  [0m] Started Journal Service.
[[0;32m  OK  [0m] Started Create list of required sta…vice nodes for the current kernel.
[[0;32m  OK  [0m] Mounted POSIX Message Queue File System.
[[0;32m  OK  [0m] Started Load Kernel Modules.
[[0;32m  OK  [0m] Started Set the console keyboard layout.
[[0;32m  OK  [0m] Mounted Huge Pages File System.
[[0;32m  OK  [0m] Started Uncomplicated firewall.
[[0;32m  OK  [0m] Mounted Kernel Debug File System.
[[0;32m  OK  [0m] Started Remount Root and Kernel File Systems.
[[0;32m  OK  [0m] Started LVM2 metadata daemon.
         Starting Initial cloud-init job (pre-networking)...
         Starting Load/Save Random Seed...
         Mounting Kernel Configuration File System...
         Mounting FUSE Control File System...
         Starting Apply Kernel Variables...
         Starting Create Static Device Nodes in /dev...
         Starting Flush Journal to Persistent Storage...
[[0;32m  OK  [0m] Started udev Coldplug all Devices.
[[0;32m  OK  [0m] Mounted Kernel Configuration File System.
[[0;32m  OK  [0m] Mounted FUSE Control File System.
[   13.845690] random: crng init done
[[0;32m  OK  [0m] Started Monitoring of LVM2 mirrors,…sing dmeventd or progress polling.
[[0;32m  OK  [0m] Started Load/Save Random Seed.
[[0;32m  OK  [0m] Started Apply Kernel Variables.
[[0;32m  OK  [0m] Started Create Static Device Nodes in /dev.
[[0;32m  OK  [0m] Started Flush Journal to Persistent Storage.
         Starting udev Kernel Device Manager...
[[0;32m  OK  [0m] Reached target Local File Systems (Pre).
[[0;32m  OK  [0m] Reached target Local File Systems.
         Starting AppArmor initialization...
         Starting Set console font and keymap...
         Starting Commit a transient machine-id on disk...
         Starting Tell Plymouth To Write Out Runtime Data...
         Starting Create Volatile Files and Directories...
         Starting ebtables ruleset management...
[[0;32m  OK  [0m] Started udev Kernel Device Manager.
[[0;32m  OK  [0m] Started Dispatch Password Requests to Console Directory Watch.
[[0;32m  OK  [0m] Reached target Local Encrypted Volumes.
[[0;32m  OK  [0m] Started Set console font and keymap.
[[0;32m  OK  [0m] Started Tell Plymouth To Write Out Runtime Data.
[[0;32m  OK  [0m] Started Create Volatile Files and Directories.
         Starting Update UTMP about System Boot/Shutdown...
[[0;32m  OK  [0m] Started Commit a transient machine-id on disk.
[[0;32m  OK  [0m] Started Update UTMP about System Boot/Shutdown.
[[0;32m  OK  [0m] Found device /dev/ttyS0.
[[0;32m  OK  [0m] Listening on Load/Save RF Kill Switch Status /dev/rfkill Watch.
[[0;32m  OK  [0m] Started ebtables ruleset management.
[   15.434013] cloud-init[411]: Cloud-init v. 18.3-9-g2e62cb8a-0ubuntu1~18.04.2 running 'init-local' at Mon, 20 Aug 2018 13:59:23 +0000. Up 14.98 seconds.
[[0;32m  OK  [0m] Started AppArmor initialization.
[[0;32m  OK  [0m] Started Initial cloud-init job (pre-networking).
[[0;32m  OK  [0m] Reached target Network (Pre).
         Starting Network Service...
[[0;32m  OK  [0m] Started Network Service.
         Starting Wait for Network to be Configured...
         Starting Network Name Resolution...
[[0;32m  OK  [0m] Started Network Name Resolution.
[[0;32m  OK  [0m] Reached target Network.
[[0;32m  OK  [0m] Reached target Host and Network Name Lookups.
[[0;32m  OK  [0m] Started Wait for Network to be Configured.
         Starting Initial cloud-init job (metadata service crawler)...
[   18.257724] cloud-init[646]: Cloud-init v. 18.3-9-g2e62cb8a-0ubuntu1~18.04.2 running 'init' at Mon, 20 Aug 2018 13:59:26 +0000. Up 17.26 seconds.
[[0;32m  OK  [0m] Started Initial cloud-init job (metadata service crawler).
[   18.333981] [cloud-init[0;32m  OK  [0m[646]: ] ci-info: ++++++++++++++++++++++++++++++++++++++Net device info++++++++++++++++++++++++++++++++++++++Reached target Cloud-config availability.

[   18.489230] [cloud-init[0;32m  OK  [0m[646]: ] ci-info: +--------+------+----------------------------+---------------+--------+-------------------+
Reached target System Initialization.
[   18.568760]          cloud-initStarting Socket activation for snappy daemon.
[646]: ci-info: | Device |  Up  |          Address           |      Mask     | Scope  |     Hw-Address    |
[[0;32m  OK  [0m] Started Discard unused blocks once a week.
[   18.649937] [[0;32m  OK  [0m] Started Message of the Day.
[[0;32m  OK  [0m] Started Daily apt download activities.
[[0;32m  OK  [0m] Started Daily apt upgrade and clean activities.
[[0;32m  OK  [0m] Listening on UUID daemon activation socket.
[[0;32m  OK  [0m] Started Daily Cleanup of Temporary Directories.
[[0;32m  OK  [0m] Reached target Timers.
[[0;32m  OK  [0m] Listening on ACPID Listen Socket.
cloud-init[646]: ci-info: +--------+------+----------------------------+---------------+--------+-------------------+
[[0;32m  OK  [0m] Listening on D-Bus System Message Bus Socket.
[   18.653511] cloud-init[646]: ci-info: | enp0s3 | True |         10.0.2.15          | 255.255.255.0 | global | 02:53:16:74:4d:6b |
[   18.673909] cloud-init[646]: ci-info: | enp0s3 | True | fe80::53:16ff:fe74:4d6b/64 |       .       |  link  | 02:53:16:74:4d:6b |
[   18.676704] cloud-init[[0;32m  OK  [0m] Started ACPI Events Check.
[[0;32m  OK  [0m] Reached target Paths.
[646]: ci-info: |   lo   | True |         127.0.0.1          |   255.0.0.0   |  host  |         .         |
         Starting LXD - unix socket.
[   18.685245] [[0;32m  OK  [0m] Reached target Network is Online.
         Starting iSCSI initiator daemon (iscsid)...
cloud-init[646]: ci-info: |   lo   | True |          ::1/128           |       .       |  host  |         .         |
[[0;32m  OK  [0m] Listening on Socket activation for snappy daemon.
[   18.688597] [[0;32m  OK  [0m] Listening on LXD - unix socket.
[[0;32m  OK  [0m] Reached target Sockets.
[[0;32m  OK  [0m] Reached target Basic System.
         Starting LXD - container startup/shutdown...
cloud-init[646]:          Starting Login Service...
ci-info: +--------+------+----------------------------+---------------+--------+-------------------+         Starting Pollinate to seed the pseudo random number generator...
[[0;32m  OK  [0m] Started FUSE filesystem for LXC.
[[0;32m  OK  [0m] Started irqbalance daemon.
[[0;32m  OK  [0m] Started Unattended Upgrades Shutdown.

[   18.723120] cloud-init[646]: ci-info: ++++++++++++++++++++++++++++Route IPv4 info+++++++++++++++++++++++++++++         Starting LSB: Record successful boot for GRUB...
[[0;32m  OK  [0m] Started D-Bus System Message Bus.

[   18.762197] cloud-init[646]: ci-info: +-------+-------------+----------+-----------------+-----------+-------+
[   18.764657] cloud-init[646]: ci-info: | Route | Destination | Gateway  |     Genmask     | Interface | Flags |
[   18.767246] cloud-init[646]: ci-info: +-------+-------------+----------+-----------------+-----------+-------+
[   18.770292] cloud-init[646]: ci-info: |   0   |   0.0.0.0   | 10.0.2.2 |     0.0.0.0     |   enp0s3  |   UG  |
[   18.772778] cloud-init[646]: ci-info: |   1   |   10.0.2.0  | 0.0.0.0  |  255.255.255.0  |   enp0s3  |   U   |
[   18.775456] cloud-init[646]: ci-info: |   2   |   10.0.2.2  | 0.0.0.0  | 255.255.255.255 |   enp0s3  |   UH  |
[   18.778322] cloud-init[646]: ci-info: +-------+-------------+----------+-----------------+-----------+-------+
[   18.780922] cloud-init[646]: ci-info: +++++++++++++++++++Route IPv6 info+++++++++++++++++++
[   18.784148] cloud-init[646]: ci-info: +-------+-------------+---------+-----------+-------+
[   18.790637] cloud-init[646]: ci-info: | Route | Destination | Gateway | Interface | Flags |
[   18.836690] cloud-init[646]: ci-info: +-------+-------------+---------+-----------+-------+
         Starting System Logging Service...
[   18.893336] cloud-init[646]: ci-info: |   1   |  fe80::/64  |    ::   |   enp0s3  |   U   |
[   18.902840] cloud-init[646]: ci-info: |   3   |    local    |    ::   |   enp0s3  |   U   |
[   18.906422] cloud-init[646]: ci-info: |   4   |   ff00::/8  |    ::   |   enp0s3  |   U   |
[   18.909534] cloud-init[646]: ci-info: +-------+-------------+---------+-----------+-------+
[   18.911600] cloud-init[646]: Generating public/private rsa key pair.
[   18.913947] cloud-init[646]: Your identification has been saved in /etc/ssh/ssh_host_rsa_key.
[   18.915396] cloud-init[646]: Your public key has been saved in /etc/ssh/ssh_host_rsa_key.pub.
[   18.917113] cloud-init[646]: The key fingerprint is:
[   18.918031] cloud-init[646]: SHA256:+Z7rZ3rjMwDMf5Q80le+msM0OA5rW0G9idajZeCcSJ4 root@ubuntu-bionic
[   18.919610] cloud-init[646]: The key's randomart image is:
[   18.920806] cloud-init[646]: +---[RSA 2048]----+
[   18.921651] cloud-init[646]: |                 |
[   18.922603] cloud-init[646]: |            .   .|
[   18.923448] cloud-init[646]: |       o . = o o |
[   18.944227] cloud-init[646]: |        *.B @ + .|
         Starting Dispatcher daemon for systemd-networkd...
[   18.985377] cloud-init[646]: |        SE X.X  .|
[[0;32m  OK  [0m] Started Deferred execution scheduler.
[   19.040619] cloud-init[646]: |         o+o*o.. |
[   19.096803]          cloud-initStarting Accounts Service...[646]: 
|          ==+ +  |
[   19.107680] cloud-init[646]: |         +.oB=   |
[[0;32m  OK  [0m] Started Regular background program processing daemon.
[   19.109861] cloud-init[646]: |        .oBB.+.  |         Starting Virtualbox guest utils...

[   19.113595] cloud-init[646]: +----[SHA256]-----+
[   19.121014] cloud-init[646]: Generating public/private dsa key pair.
[   19.122574] cloud-init[646]: Your identification has been saved in /etc/ssh/ssh_host_dsa_key.
         Starting Snappy daemon...
[   19.168736] cloud-init[646]: Your public key has been saved in /etc/ssh/ssh_host_dsa_key.pub.
[[0;32m  OK  [0m] Started System Logging Service.
[   19.205412] [[0;32m  OK  [0m] Started iSCSI initiator daemon (iscsid).
[[0;32m  OK  [0m] Started LXD - container startup/shutdown.
cloud-init[646]: The key fingerprint is:
[[0;32m  OK  [0m] Started Login Service.
[   19.252485] cloud-init[646]: SHA256:AEtz+FvT1ZwBzWI6Raon+4fQNg9myvvx1aKOZxg9KWs root@ubuntu-bionic
[   19.267719] cloud-init[646]: The key's randomart image is:
[   19.269257] cloud-init[646]: +---[DSA 1024]----+
[   19.270483] cloud-init[646]: |    +..    .o*.o |
[   19.271754] cloud-init[646]: |   ..=     .= *  |
[   19.273177] cloud-init[646]: |    ...  ..= .   |
[   19.274456] cloud-init[646]: |      ..o.+      |
[   19.275720] cloud-init[646]: |       oSo.o .   |
[   19.276964] cloud-init[646]: |      . .+X +  . |
[   19.278269] cloud-init[646]: |       ..*.X .o .|
[   19.288396] cloud-init[646]: |        o.E+=o . |
[   19.289959] cloud-init[646]: |        .++=+    |
[   19.291466] cloud-init[646]: +----[SHA256]-----+
[   19.292845] cloud-init[646]: Generating public/private ecdsa key pair.
         Starting Authorization Manager...
[   19.299766] cloud-init[646]: Your identification has been saved in /etc/ssh/ssh_host_ecdsa_key.         
Starting Availability of block devices...
[   19.306467] [[0;32m  OK  [0m] Reached target Remote File Systems (Pre).
[[0;32m  OK  [0m] Reached target Remote File Systems.
         Starting Permit User Sessions...
         Starting LSB: automatic crash report generation...
[[0;32m  OK  [0m] Started Dispatcher daemon for systemd-networkd.
cloud-init[646]: Your public key has been saved in /etc/ssh/ssh_host_ecdsa_key.pub.
[   19.321887] cloud-init[646]: The key fingerprint is:
[   19.323392] cloud-init[646]: SHA256:ho+JNJzzk/apGZVQotJ0kUA0kwnGjSMAhpZWhuVZwKg root@ubuntu-bionic
[   19.325313] cloud-init[646]: The key's randomart image is:
[[0;32m  OK  [0m] Started Availability of block devices.
[   19.365088] cloud-init[646]: +---[ECDSA 256]---+
[[0;32m  OK  [0m] Started Permit User Sessions.
[   19.418135] cloud-init[[0;32m  OK  [0m] Started LSB: Record successful boot for GRUB.
[[0;32m  OK  [0m] Started Virtualbox guest utils.
[[0;32m  OK  [0m] Started Authorization Manager.
[[0;32m  OK  [0m] Started Accounts Service.
         Starting Hold until boot process finishes up...
         Starting Terminate Plymouth Boot Screen...
[646]: |*oX@O=+o.        |
[[0;32m  OK  [0m] Started Hold until boot process finishes up.
[   19.547957] cloud-init[646]: |+B*+*=.o         |
[[0;32m  OK  [0m] Started Snappy daemon.
[   19.613825] [[0;32m  OK  [0m] Started Pollinate to seed the pseudo random number generator.
cloud-init[646]: |+..+o .          |
[[0;32m  OK  [0m] Started LSB: automatic crash report generation.
[   19.705334] cloud-init[[0;32m  OK  [0m] Started Terminate Plymouth Boot Screen.
[646]: |E  o . o .       |
[   19.735825] cloud-init[646]: |    * . S        |
[   19.737709] cloud-init[646]: |   . = B         |
[   19.739379] cloud-init[646]: |    . O .        |
[   19.741061] cloud-init[646]: |     . = .       |
[   19.742629] cloud-init[646]: |      o.o        |
[   19.745653] cloud-init[646]: +----[SHA256]-----+
[   19.747240] cloud-init[646]: Generating public/private ed25519 key pair.
[   19.750089] cloud-init[646]: Your identification has been saved in /etc/ssh/ssh_host_ed25519_key.
         Starting OpenBSD Secure Shell server...
         Starting Wait until snapd is fully seeded...
[[0;32m  OK  [0m] Started Serial Getty on ttyS0.
         Starting Set console scheme...
[   19.769286] cloud-init[646]: Your public key has been saved in /etc/ssh/ssh_host_ed25519_key.pub.
[[0;32m  OK  [0m] Started Set console scheme.
[   19.785673] cloud-init[[0;32m  OK  [0m] Created slice system-getty.slice.
[646]: The key fingerprint is:
[[0;32m  OK  [0m] Started Getty on tty1.
[[0;32m  OK  [0m] Reached target Login Prompts.
[[0;32m  OK  [0m] Started OpenBSD Secure Shell server.
[   19.803240] cloud-init[646]: SHA256:wWE8EvY+p3sVYXWAtcDd6Ra/TuAS/2zp0h64WaGYsYo root@ubuntu-bionic
[   19.828237] cloud-init[646]: The key's randomart image is:
[   19.830401] cloud-init[646]: +--[ED25519 256]--+
[   19.833972] cloud-init[646]: |      ooo  ..=+oo|
[   19.835451] cloud-init[646]: |     ..+o.  =..=.|
[   19.837073] cloud-init[646]: |       .+. . .o o|
[   19.839169] cloud-init[646]: |       . . ... o.|
[   19.840770] cloud-init[646]: |        S ..+.o..|
[   19.842247] cloud-init[646]: |         + .*ooo.|
[   19.843609] cloud-init[646]: |        .  =.o*o.|
[   19.845026] cloud-init[646]: |        ..o  .+B.|
[   19.846344] cloud-init[646]: |       E.o   o=o |
[   19.847811] cloud-init[646]: +----[SHA256]-----+
[[0;32m  OK  [0m] Started Wait until snapd is fully seeded.
[[0;32m  OK  [0m] Reached target Multi-User System.
[[0;32m  OK  [0m] Reached target Graphical Interface.
         Starting Update UTMP about System Runlevel Changes...
         Starting Apply the settings specified in cloud-config...
[[0;32m  OK  [0m] Started Update UTMP about System Runlevel Changes.
[   21.556151] cloud-init[1189]: Cloud-init v. 18.3-9-g2e62cb8a-0ubuntu1~18.04.2 running 'modules:config' at Mon, 20 Aug 2018 13:59:29 +0000. Up 21.13 seconds.
[[0;32m  OK  [0m] Started Apply the settings specified in cloud-config.
         Starting Execute cloud user/final scripts...
[[0;32m  OK  [0m] Created slice User Slice of vagrant.
         Starting User Manager for UID 1000...
[[0;32m  OK  [0m] Started Session 1 of user vagrant.
[[0;32m  OK  [0m] Started User Manager for UID 1000.
ci-info: no authorized ssh keys fingerprints found for user ubuntu.
<14>Aug 20 13:59:31 ec2: 
<14>Aug 20 13:59:31 ec2: #############################################################
<14>Aug 20 13:59:31 ec2: -----BEGIN SSH HOST KEY FINGERPRINTS-----
<14>Aug 20 13:59:31 ec2: 1024 SHA256:AEtz+FvT1ZwBzWI6Raon+4fQNg9myvvx1aKOZxg9KWs root@ubuntu-bionic (DSA)
<14>Aug 20 13:59:31 ec2: 256 SHA256:ho+JNJzzk/apGZVQotJ0kUA0kwnGjSMAhpZWhuVZwKg root@ubuntu-bionic (ECDSA)
<14>Aug 20 13:59:31 ec2: 256 SHA256:wWE8EvY+p3sVYXWAtcDd6Ra/TuAS/2zp0h64WaGYsYo root@ubuntu-bionic (ED25519)
<14>Aug 20 13:59:31 ec2: 2048 SHA256:+Z7rZ3rjMwDMf5Q80le+msM0OA5rW0G9idajZeCcSJ4 root@ubuntu-bionic (RSA)
<14>Aug 20 13:59:31 ec2: -----END SSH HOST KEY FINGERPRINTS-----
<14>Aug 20 13:59:31 ec2: #############################################################
-----BEGIN SSH HOST KEY KEYS-----
ecdsa-sha2-nistp256 AAAAE2VjZHNhLXNoYTItbmlzdHAyNTYAAAAIbmlzdHAyNTYAAABBBIFser3DPk38EWOz/YW0Zyq7C0P/06L24ky01DmDj5ki9erny4YSlryYkFmJVw48tIS9lmF3mRx3FaJkrPtVr78= root@ubuntu-bionic
ssh-ed25519 AAAAC3NzaC1lZDI1NTE5AAAAIJVMypDsJPpCVSsMLXC904LwDKWU0zh7kicH8b2A4R9Z root@ubuntu-bionic
ssh-rsa AAAAB3NzaC1yc2EAAAADAQABAAABAQCuZYKbfLNCHATp6Hmu9iHbaKZnwNQOruRj9ca8sEEpIhISdRengO6nXGSRdJc99pd7634mcjvB3JyCXV36Xi/YC+mpqRLYSkdlAmTh9FTUwdAfCTFRwBp0eWh2wTL2f/UkmiqJQL9ai1Sw1sqvW4ntayVSbgxRpl2pcO64WOcPcoUkWycHMR8gHEiPC6AtwaD6R5yXYrZlh+PGUsw67KipzEEWA1JAy52OnrR8hlR6rqQBeRinaIQCpUNc2UWrKFyTdNj+HTpFq5JC/LOJlE0rvEmxmB2wDYEm+RPv94VoquEtTEPJtYfC13OBnab5/pNlB5SESMDApwBCZSrrlG6H root@ubuntu-bionic
-----END SSH HOST KEY KEYS-----
[   22.641249] cloud-init[1250]: Cloud-init v. 18.3-9-g2e62cb8a-0ubuntu1~18.04.2 running 'modules:final' at Mon, 20 Aug 2018 13:59:30 +0000. Up 22.03 seconds.
[   22.645671] cloud-init[1250]: ci-info: no authorized ssh keys fingerprints found for user ubuntu.
[   22.652195] cloud-init[1250]: Cloud-init v. 18.3-9-g2e62cb8a-0ubuntu1~18.04.2 finished at Mon, 20 Aug 2018 13:59:31 +0000. Datasource DataSourceNoCloud [seed=/dev/sdb][dsmode=net].  Up 22.62 seconds
[[0;32m  OK  [0m] Started Execute cloud user/final scripts.
[[0;32m  OK  [0m] Reached target Cloud-init target.

Ubuntu 18.04.1 LTS ubuntu-bionic ttyS0

ubuntu-bionic login:          Stopping Session 3 of user vagrant.
         Stopping User Manager for UID 1000...
[[0;32m  OK  [0m] Stopped target Graphical Interface.
         Stopping Availability of block devices...
[[0;32m  OK  [0m] Stopped target Cloud-init target.
[[0;32m  OK  [0m] Stopped Execute cloud user/final scripts.
[[0;32m  OK  [0m] Stopped Apply the settings specified in cloud-config.
[[0;32m  OK  [0m] Stopped target Multi-User System.
         Stopping LSB: automatic crash report generation...
[[0;32m  OK  [0m] Stopped Wait until snapd is fully seeded.
[[0;32m  OK  [0m] Stopped Postfix Mail Transport Agent.
         Stopping LSB: Record successful boot for GRUB...
         Stopping Regular background program processing de         Stopping irqbalance daemon...
[[0;32m  OK  [0m] Stopped target System Time Synchronized.
         Stopping Deferred execution scheduler...
         Stopping System Logging Service...
         Stopping LXD - container startup/shutdown...
[[0;32m  OK  [0m] Stopped Message of the Day.
[[0;32m  OK  [0m] Unmounted /var/lib/lxcfs.
[[0;32m  OK  [0m] Stopped irqbalance daemon.
[[0;32m  OK  [0m] Stopped Dispatcher daemon for systemd-networkd.
[[0;32m  OK  [0m] Stopped Deferred execution scheduler.
[[0;32m  OK  [0m] Stopped Accounts Service.
[[0;32m  OK  [0m] Stopped Regular background program processing daemon.
[[0;32m  OK  [0m] Stopped Snappy daemon.
[[0;32m  OK  [0m] Stopped Authorization Manager.
[[0;32m  OK  [0m] Stopped Serial Getty on ttyS0.
[[0;32m  OK  [0m] Stopped Getty on tty1.
[[0;32m  OK  [0m] Stopped User Manager for UID 1000.
[[0;32m  OK  [0m] Stopped OpenBSD Secure Shell server.
[[0;32m  OK  [0m] Stopped Daemon for generating UUIDs.
[[0;32m  OK  [0m] Stopped System Logging Service.
[[0;32m  OK  [0m] Stopped Availability of block devices.
[[0;32m  OK  [0m] Stopped Unattended Upgrades Shutdown.
[[0;32m  OK  [0m] Stopped D-Bus System Message Bus.
[[0;32m  OK  [0m] Stopped Postfix Mail Transport Agent (instance -).
[[0;32m  OK  [0m] Stopped FUSE filesystem for LXC.
[[0;32m  OK  [0m] Stopped Session 3 of user vagrant.
[[0;32m  OK  [0m] Removed slice system-postfix.slice.
[[0;32m  OK  [0m] Stopped target Host and Network Name Lookups.
[[0;32m  OK  [0m] Removed slice User Slice of vagrant.
         Stopping Login Service...
[[0;32m  OK  [0m] Removed slice system-getty.slice.
         Stopping Permit User Sessions...
[[0;32m  OK  [0m] Removed slice system-serial\x2dgetty.slice.
[[0;32m  OK  [0m] Stopped Login Service.
[[0;32m  OK  [0m] Stopped LSB: automatic crash report generation.
[[0;32m  OK  [0m] Stopped Virtualbox guest utils.
[[0;32m  OK  [0m] Stopped Fail2Ban Service.
[[0;32m  OK  [0m] Stopped Permit User Sessions.
[[0;32m  OK  [0m] Stopped target Remote File Systems.
[[0;32m  OK  [0m] Stopped target Remote File Systems (Pre).
         Stopping iSCSI initiator daemon (iscsid)...
[[0;32m  OK  [0m] Stopped target User and Group Name Lookups.
[[0;32m  OK  [0m] Stopped LSB: Record successful boot for GRUB.
[[0;32m  OK  [0m] Stopped LXD - container startup/shutdown.
[[0;32m  OK  [0m] Stopped iSCSI initiator daemon (iscsid).
[[0;32m  OK  [0m] Stopped target Network is Online.
[[0;32m  OK  [0m] Stopped target Network.
         Stopping Network Name Resolution...
[[0;32m  OK  [0m] Stopped target Basic System.
[[0;32m  OK  [0m] Stopped target Sockets.
[[0;32m  OK  [0m] Closed Socket activation for snappy daemon.
[[0;32m  OK  [0m] Closed LXD - unix socket.
[[0;32m  OK  [0m] Closed D-Bus System Message Bus Socket.
[[0;32m  OK  [0m] Closed UUID daemon activation socket.
[[0;32m  OK  [0m] Closed Syslog Socket.
[[0;32m  OK  [0m] Closed ACPID Listen Socket.
[[0;32m  OK  [0m] Stopped target Slices.
[[0;32m  OK  [0m] Removed slice User and Session Slice.
[[0;32m  OK  [0m] Stopped target Paths.
[[0;32m  OK  [0m] Stopped ACPI Events Check.
[[0;32m  OK  [0m] Stopped target System Initialization.
[[0;32m  OK  [0m] Stopped Initial cloud-init job (metadata service crawler).
[[0;32m  OK  [0m] Stopped Wait for Network to be Configured.
[[0;32m  OK  [0m] Stopped Commit a transient machine-id on disk.
[[0;32m  OK  [0m] Stopped target Local Encrypted Volumes.
[[0;32m  OK  [0m] Stopped Forward Password Requests to Wall Directory Watch.
[[0;32m  OK  [0m] Stopped Dispatch Password Requests to Console Directory Watch.
         Stopping Load/Save Random Seed...
         Stopping Update UTMP about System Boot/Shutdown...
[[0;32m  OK  [0m] Stopped Network Name Resolution.
[[0;32m  OK  [0m] Stopped Load/Save Random Seed.
         Stopping Network Service...
[[0;32m  OK  [0m] Stopped Update UTMP about System Boot/Shutdown.
[[0;32m  OK  [0m] Stopped Create Volatile Files and Directories.
[[0;32m  OK  [0m] Stopped Network Service.
[[0;32m  OK  [0m] Stopped target Network (Pre).
[[0;32m  OK  [0m] Stopped Initial cloud-init job (pre-networking).
         Stopping netfilter persistent configuration...
[[0;32m  OK  [0m] Stopped Apply Kernel Variables.
[[0;32m  OK  [0m] Stopped netfilter persistent configuration.
[[0;32m  OK  [0m] Stopped Load Kernel Modules.
[[0;32m  OK  [0m] Stopped target Local File Systems.
         Unmounting /run/user/1000...
         Unmounting /vagrant...
[[0;32m  OK  [0m] Unmounted /run/user/1000.
[[0;32m  OK  [0m] Unmounted /vagrant.
[[0;32m  OK  [0m] Reached target Unmount All Filesystems.
[[0;32m  OK  [0m] Stopped target Local File Systems (Pre).
         Stopping Monitoring of LVM2 mirrors…ng dmeventd or progress polling...
[[0;32m  OK  [0m] Stopped Remount Root and Kernel File Systems.
[[0;32m  OK  [0m] Stopped Create Static Device Nodes in /dev.
[[0;32m  OK  [0m] Stopped target Swap.
[[0;32m  OK  [0m] Reached target Shutdown.
[[0;32m  OK  [0m] Reached target Final Step.
         Starting Reboot...
[[0;32m  OK  [0m] Stopped Monitoring of LVM2 mirrors,…sing dmeventd or progress polling.
         Stopping LVM2 metadata daemon...
[[0;32m  OK  [0m] Stopped LVM2 metadata daemon.
[  229.193962] reboot: Restarting system
[    0.00000] Linux rsio 415.0-32-enric (buildd@lgw01am64-039) (gcc vesin 7.3.0 (Ubun 7.3.0-16ubuntu3)) #35-UbutuSMP i Aug 0 7:58:07 UTC 2018 (Ubuntu 4.15.0-32.35-generic 4.15.18)
[    0.000000] Command line: BOOT_IMAGE=/boot/vmlinuz-4.15.0-32-generic root=LABEL=cloudimg-rootfs ro console=tty1 console=ttyS0
[    0.000000] KERNEL supported cpus:
[    0.000000]   Intel GenuineIntel
[    0.000000]   AMD AuthenticAMD
[    0.000000]   Centaur CentaurHauls
[    0.000000] x86/fpu: Supporting XSAVE feature 0x001: 'x87 floating point registers'
[    0.000000] x86/fpu: Supporting XSAVE feature 0x002: 'SSE registers'
[   .00000] x86/fpu:Suppotig XSVEfeatur 0004: 'AV rgisters'
   0.000000] x86/fpu: xstate_offset[2]:  576, xstate_sizes[2]:  6
[   .00000 x86/fpu: Enabled state features 0x7, context size is 832 bytes, using 'standard' format.
[    0.000000] e820: BIO-provided physical RAM map:
[   0.000000] BIOS-e820: [mem 0x0000000000000000-0x000000000009fbff] usable
[    0.000000] BIOS-820: [mem 0x000000000009c00-0x0000000009fff]reservd
[    000000] BIOS-e820: [mem 0x00000000000f0000-0x00000000000fffff] reserved
[    0.00000] BIOS-e820: [mem 0x0000000000100000-0x000000003ffeffff] usable
[    0.000000] BIOS-e820: [mem 0x000000003fff0000-0x000000003fffffff] ACPI data
[    0.000000] BIOS-e820: [mem 0x00000000fec00000-0x00000000fec00fff] reserved
[    0.000000] BIS-e80:[mem 0x000000fee00000-0x000000ee00fff] reserved
[    0.000000] BIO-e820: [mem 0x00000000fffc0000-0x00000000ffffffff] resrved
[    0.000000]X (Execute Disable) protection: active
[   .000000] SMBIOS 2.5 present.
[    0.000000] DMI: innotek GmbH VirtualBox/VirtualBox, BIOS VirtualBox 12/01/2006
[    0.00000] Hyperisordetected: KVM
[    .000000] e820: lastpfn = 0x3fff0 maxx_arh_pfn = 40000000
[   000000] MTRR: Disabled
[   0.00000] x8/PT: MTRs isabled, skipping PAT initializatiotoo.
[    0.000000] CPU MTRRs all blank - virtualized system.
[    0.000000] x86/PAT: Configuration [0-7]: WB  WT  U- C  W  T  UC-UC 
[   0.000000 fund SMP MP-table at [mem 0x0009fff0-0x0009ffff] mapped at [      (ptrval)]
[    0.000000] Scanning 1 areas for low memory orruption
[   0.000000] RAMDISK: [mem 0x359d000-0x36ce5fff]
[    0.000000] API: Early tale ceckum vriicatondisabled
[   .000000] ACPI: RSDP 0x00000000000E00000 0000 (v0 VBOX )
[   .000000] ACPI: XSDT 0x000000003FFF0030 00003C (v01 VBOX   VBOXXSDT 00000001 ASL  00000061)
[  0.00000] ACPI: FACP 0x000000003FFF00F0 0000F4 (v04 VBOX   VBOXFACP 00000001 ASL  0000061)
[   0.000000 ACPI: DSDT 0x000000003FFF0470 0021FF (v02 VBOX   VBOXBIOS 00000002 INTL 2010028)
[    0.000000] ACPI: FACS 0x000000003FFF0200 000040
[   0.000000]ACI: FAC 0000000003FF020 000040
[   .000000] ACI: APIC 0x000000003FFF0240 00005C (v02 VBOX   VBOXAPIC 0000001 ASL  00000061)
[   0.000000] ACPI: SSDT 0x000000003FF2A0 0001CC (v01 BOX   VBOXCUT 00000002NTL 200028)
[   000000] No NUMA configuration found
[    0.000000] Faking a node at [mem 0x0000000000000000-0x000000003ffeffff]
[   0.000000] NODE_DATA(0) allocated [mem 0x3ffc5000-0x3ffeffff]
[    0.000000] kvm-clock: cpu 0, msr 0:3ff44001, primary cpu clock
[    0.000000] kvm-clock: Using msrs 4b564d01 and 4b564d00
[    0.000000] kvm-clock: using sched offset of 252003909771 cycles
[    0.000000] clocksource: kvm-clock: mask: 0xffffffffffffffff max_cycles: 0x1cd42e4dffb, max_idle_ns: 881590591483 ns
[    0.000000] Zone ranges:
[    0.00000]   DA      [mem 0x0000000000001000-0000000000fffff
[    0.000000]   DMA32    [mem 0x0000000001000000x00000000ffffff]
[  0.00000   Norl   mpy
   0.000000]   Device   empty
[    0.000000] Movale zone start for each node
[    0.000000] Early memory node ranges
[    0.000000]   node   0: [mem 0x0000000000001000-0x000000000009efff]
[    0.000000]   node   0: [mem 0x000000000100000-0x000000003ffeffff]
[    0.000000] Iitem ssetup node 0 [mem 0x0000000000001000-0x0000003fffff]
[   .000000] Reserved bt navalable:98 pag
[   0.00000] AI: PM-TimerIO Port: 0x4008
[    000000] IOAPIC[: apc_d 2,vesion 32 adress fec0000 GSI 0-23
[    0.000000] ACP: INT_SRC_OVR (bus 0 bus_irq 0 global_irq 2 dfl dfl)
[    0.000000] ACPI: INT_SRC_OVR (bus 0 bus_irq 9 global_irq 9 low level)
[    0.000000] Using ACPI (MADT) for SMP configuration information
[    0.000000] smpboot: Allowing 2 CPUs, 0 hotplug CPUs
[    0.000000] PM: Registered nosave memory: [mem 0x00000000-0x00000fff]
[    0.000000] PM: Registered nosave memory: [mem 0x0009f000-0x0009ffff]
[    0.000000] PM: Registered nosave memory: [mem 0x000a0000-0x000effff]
[    0.000000] PM: Registered nosave memory: [mem 0x000f0000-0x000fffff]
[    0.000000] e820: [mem 0x40000000-0xfebfffff] available for PCI devices
[    0.000000] Booting paravirtualized kernel on KVM
[    0.000000] clocksource: refined-jiffies: mask: 0xffffffff max_cycles: 0xffffffff, max_idle_ns: 7645519600211568 ns
[    0.000000] random: get_random_bytes called from start_kernel+0x99/0x4fd with crng_init=0
[    0.000000] setup_percpu: NR_CPUS:8192 nr_cpumask_bits:2 nr_cpu_ids:2 nr_node_ids:1
[    0.000000] percpu: Embedded 46 pages/cpu @        (ptrval) s151552 r8192 d28672 u1048576
[    0.000000] PV qspinlock hash table entries: 256 (order: 0, 4096 bytes)
[    0.000000] Built 1 zonelists, mobility grouping on.  Total pages: 257913
[    0.000000] Policy zone: DMA32
[    0.000000] Kernel command line: BOOT_IMAGE=/boot/vmlinuz-4.15.0-32-generic root=LABEL=cloudimg-rootfs ro console=tty1 console=ttyS0
[    0.000000] Memory: 983092K/1048120K available (12300K kernel code, 2470K rwdata, 4244K rodata, 2408 iit, 41K bs, 5028reseve, K ma-reserved)
[    0.00000 SLUB: HWalign=64, Order0-3,MinObjects=0,PUs=2, Nodes=1
[    0.000000] Keel/Userpae taes ioltion:enbled
[    0.0000] frae: allocang 39116 entries in 153 pages
[    0.004000] Hierarchical RCU implementation.
[    0.004000] 	RCU restricting CPUs from NR_CPUS=8192 to nr_cpu_ids=2.
[    0.004000] 	Tasks RCU enabled.
[    0.0040] RCU: Adjusting geometry for rcu_fanout_leaf=16, nr_cpu_ids=2
[    0.004000] NR_IRQS: 524544, nr_irqs: 440, preallocated irqs: 16
[    0.004000] Console: colour VGA+ 80x25
[    0.004000] console [tty1] enabled
[    0.004000] console [ttyS0] enabled
[    0.004000] ACPI: Core revision 20170831
[    0.004000] ACPI: 2 ACPI AML tables successfullly acquired and loaded
[    0.004000] APIC: Switch to symmetric I/O mode setup
[    0.004000] x2apic enabled
[    0.004000] Switched APIC routing to physical x2apic.
[    0.004230] ..TIMER: vector=0x30 apic1=0 pin1=2 apic2=-1 pin2=-1
[    0.008024] tsc: Detected 2903.998 MHz processor[    0.012014] Calibrating delay loop (skipped) preset value.. 5807.99 BogoMIPS (lpj=11615992)
[    0.016008] pid_max: default: 32768 minimum: 301
[    0.016944] Security Framework initialized
[    0.017916] Yama: becoming mindful.
[    0.020038] AppArmor: AppArmor initialized
[    0.024391] Dentry cache hash table entries: 131072 (order: 8, 1048576 bytes)
[    0.028066] Inode-cache hash table entries: 65536 (order: 7, 524288 bytes)
[    0.032027] Mount-cache hash table entries: 2048 (order: 2, 16384 bytes)
[    0.036017] Mountpoint-cache hash table entries: 2048 (order: 2, 16384 bytes)
[    0.040231] mce: CPU supports 0 MCE banks
[    0.044021] Last level iTLB entries: 4KB 64, 2MB 8, 4MB 8
[    0.048007] Last level dTLB entries: 4KB 64, 2MB 0, 4MB 0, 1GB 4
[    0.052007] Spectre V2 : Mitigation: Full generic retpoline
[    0.056005] Spectre V2 : Spectre v2 mitigation: Filling RSB on context switch
[    0.060006] Speculative Store Bypass: Vulnerable
[    0.064085] Freeing SMP alternatives memory: 36K
[  0.072000] smpboot: CPU0: Intel(R) Core(TM) i7-7820HQ CPU @ 2.90GHz (family: 0x6, model: 0x9e, stepping: 0x9)
[    0.072083] Performance Events: unsupported p6 CPU model 158 no PMU driver, software events only.
[    0.076042] Hierarchical SRCU implementation.
[    0.084143] NMI watchdog: Perf event create on CPU 0 failed with -2
[    0.088004] NMI watchdog: Perf NMI watchdog permanently disabled
[    0.092048] smp: Bringing up secondary CPUs ...
[    0.092989] x86: Booting SMP configuration:
[    0.096007] .... node  #0, CPUs:      #1
[    0.004000] kvm-clock: cpu 1, msr 0:3ff44041, secondary cpu clock
[    0.004000] mce: CPU supports 0 MCE banks
[    0.282063] smp: Brought up 1 node, 2 CPUs
[    0.284009] smpboot: Max logical packages: 1
[    0.288008] smpboot: Total of 2 processors activated (11615.99 BogoMIPS)
[    0.296049] devtmpfs: initialized
[    0.300056] x86/mm: Memory block size: 128MB
[    0.304133] evm: security.selinux
[    0.308005] evm: security.SMACK64
[    0.312005] evm: security.SMACK64EXEC
[    0.316005] evm: security.SMACK64TRANSMUTE
[    0.320006] evm: security.SMACK64MMAP
[    0.324005] evm: security.apparmor
[    0.328039] evm: security.ima
[    0.332006] evm: security.capability
[    0.336091] clocksource: jiffies: mask: 0xffffffff max_cycles: 0xffffffff, max_idle_ns: 7645041785100000 ns
[    0.340020] futex hash table entries: 512 (order: 3, 32768 bytes)
[    0.344078] pinctrl core: initialized pinctrl subsystem
[    0.346002] RTC time: 14:03:14, date: 08/20/18
[    0.348290] NET: Registered protocol family 16
[    0.352082] audit: initializing netlink subsys (disabled)
[    0.356050] audit: type=2000 audit(1534774038.667:1): state=initialized audit_enabled=0 res=1
[    0.424012] cpuidle: using governor ladder
[    0.428020] cpuidle: using governor menu
[    0.429193] ACPI: bus type PCI registered
[    0.432005] acpiphp: ACPI Hot Plug PCI Controller Driver version: 0.5
[    0.433520] PCI: Using configuration type 1 for base access
[    0.437101] HugeTLB registered 2.00 MiB page size, pre-allocated 0 pages
[    0.437628] ACPI: Added _OSI(Module Device)
[    0.440008] ACPI: Added _OSI(Processor Device)
[    0.440909] ACPI: Added _OSI(3.0 _SCP Extensions)
[    0.442001] ACPI: Added _OSI(Processor Aggregator Device)
[    0.444011] ACPI: Added _OSI(Linux-Dell-Video)
[    0.445544] ACPI: Executed 1 blocks of module-level executable AML code
[    0.451017] ACPI: Interpreter enabled
[    0.452044] ACPI: (supports S0 S5)
[    0.456026] ACPI: Using IOAPIC for interrupt routing
[    0.460243] PCI: Using host bridge windows from ACPI; if necessary, use "pci=nocrs" and report a bug
[    0.464239] ACPI: Enabled 2 GPEs in block 00 to 07
[    0.474748] ACPI: PCI Root Bridge [PCI0] (domain 0000 [bus 00-ff])
[    0.476016] acpi PNP0A03:00: _OSC: OS supports [ASPM ClockPM Segments MSI]
[    0.480046] acpi PNP0A03:00: _OSC: not requesting OS control; OS requires [ExtendedConfig ASPM ClockPM MSI]
[    0.484029] acpi PNP0A03:00: fail to add MMCONFIG information, can't access extended PCI configuration space under this bridge.
[    0.488433] PCI host bridge to bus 0000:00
[    0.492006] pci_bus 0000:00: root bus resource [io  0x0000-0x0cf7 window]
[    0.496010] pci_bus 0000:00: root bus resource [io  0x0d00-0xffff window]
[    0.500011] pci_bus 0000:00: root bus resource [mem 0x000a0000-0x000bffff window]
[    0.504010] pci_bus 0000:00: root bus resource [mem 0x40000000-0xfdffffff window]
[    0.508011] pci_bus 0000:00: root bus resource [bus 00-ff]
[    0.514681] pci 0000:00:01.1: legacy IDE quirk: reg 0x10: [io  0x01f0-0x01f7]
[    0.516010] pci 0000:00:01.1: legacy IDE quirk: reg 0x14: [io  0x03f6]
[    0.520010] pci 0000:00:01.1: legacy IDE quirk: reg 0x18: [io  0x0170-0x0177]
[    0.524010] pci 0000:00:01.1: legacy IDE quirk: reg 0x1c: [io  0x0376]
[    0.547312] pci 0000:00:07.0: quirk: [io  0x4000-0x403f] claimed by PIIX4 ACPI
[    0.548023] pci 0000:00:07.0: quirk: [io  0x4100-0x410f] claimed by PIIX4 SMB
[    0.561010] ACPI: PCI Interrupt Link [LNKA] (IRQs 5 9 10 *11)
[    0.562580] ACPI: PCI Interrupt Link [LNKB] (IRQs 5 9 *10 11)
[    0.564169] ACPI: PCI Interrupt Link [LNKC] (IRQs 5 *9 10 11)
[    0.566156] ACPI: PCI Interrupt Link [LNKD] (IRQs 5 9 10 *11)
[    0.568300] SCSI subsystem initialized
[    0.569385] pci 0000:00:02.0: vgaarb: setting as boot VGA device
[    0.569385] pci 0000:00:02.0: vgaarb: VGA device added: decodes=io+mem,owns=io+mem,locks=none
[    0.572011] pci 0000:00:02.0: vgaarb: bridge control possible
[    0.573242] vgaarb: loaded
[    0.576044] ACPI: bus type USB registered
[    0.576982] usbcore: registered new interface driver usbfs
[    0.578211] usbcore: registered new interface driver hub
[    0.579441] usbcore: registered new device driver usb
[    0.580094] EDAC MC: Ver: 3.0.0
[    0.581252] PCI: Using ACPI for IRQ routing
[    0.584335] NetLabel: Initializing
[    0.588005] NetLabel:  domain hash size = 128
[    0.588906] NetLabel:  protocols = UNLABELED CIPSOv4 CALIPSO
[    0.592033] NetLabel:  unlabeled traffic allowed by default
[    0.596103] clocksource: Switched to clocksource kvm-clock
[    0.662826] VFS: isquasqu_6.0
[  0424] VFS: Dquot-che hash tlentes: 12orr  4096 bytes)
[    1.433005] AppArmor: AppArmor Filesystem Enabled
[    1.434245] npPnACPIinit
[    1.573197] pnp: PnP ACPI: found3 devices

[  1.607193] clocksource: acpi_pm: mask: 0xffffff max_cycles: 0xffffff, max_idle_ns: 2085701024 ns
[    1.653469] NET: Registered protocol family 2

[    1.654995] TCP established hash table entres812 rd:  65536 byes

[    .916 T bd ash taleenies: 8192 (order: 5, 131072 bytes)
[    2.272846] TCP: Hash tables configured (established 8192 bind 8192)
[  2.274797] U hh ble entries: 512 (order:  184ytes)
[  2.595348] UDP-Lite hash table ntries: 512 (order:  184yts)[  2830]ETRestedrocol family 1
[    3.313425] pci 0000:00:00:imting direct PCI/I transfers
[    3.472740] pci 0000:00:01.0: Activating ISA DMA hang workarounds
[    3.474589] pci 0000:00:02.0: Video devi wh adowed ROM at [mem 0x000c0000-0x000dffff]
[    3.613479] Unpacing initramfs...
[    3.928137] Freeing initrd memory: 19492K
[    4.005944] platform rtc_cmos: registered platform RTC device (no PNP device found)
[    4.060644] Scanning for low memory corruption every 60 seconds
[    4.101158] Initialise system trusted keyrings
[    4.144898] Key type blacklist registered
[    4.167456] workingset: timestamp_bits=36 max_order=18 bucket_order=0
[    4.224935] zbud: loaded
[    4.253506] squashfs: version 4.0 (2009/01/31) Phillip Lougher
[    4.326511] fuse init (API version 7.26)
[    4.348617] Key type asymmetric registered
[    4.366299] Asymmetric key parser 'x509' registered
[    4.412646] Block layer SCSI generic (bsg) driver version 0.4 loaded (major 246)
[    4.544582] io scheduler noop registered
[    4.612770] io scheduler deadline registered
[    4.684241] io scheduler cfq registered (default)
[    4.701534] ACPI: AC Adapter [AC] (on-line)
[    4.736227] input: Power Button as /devices/LNXSYSTM:00/LNXPWRBN:00/input/input0
[    4.783831] ACPI: Power Button [PWRF]
[    4.785431] input: Sleep Button as /devices/LNXSYSTM:00/LNXSLPBN:00/input/input1
[    4.806716] ACPI: Sleep Button [SLPF]
[    4.818714] Serial: 8250/16550 driver, 32 ports, IRQ sharing enabled
[    4.819852] ACPI: Battery Slot [BAT0] (battery present)
[    4.846210] 00:02: ttyS0 at I/O 0x3f8 (irq = 4, base_baud = 115200) is a 16550A
[    4.848923] Linux agpgart interface v0.103
[    4.889879] loop: module loaded
[    4.945060] scsi host0: ata_piix
[    5.054251] tsc: Refined TSC clocksource calibration: 2902.512 MHz
[    5.102977] clocksource: tsc: mask: 0xffffffffffffffff max_cycles: 0x29d6880db26, max_idle_ns: 440795263880 ns
[    5.103097] scsi host1: ata_piix
[    5.103145] ata1: PATA max UDMA/33 cmd 0x1f0 ctl 0x3f6 bmdma 0xd000 irq 14
[    5.103146] ata2: PATA max UDMA/33 cmd 0x170 ctl 0x376 bmdma 0xd008 irq 15
[    5.103217] libphy: Fixed MDIO Bus: probed
[    5.103218] tun: Universal TUN/TAP device driver, 1.6
[    5.305815] PPP generic driver version 2.4.2
[    5.305874] ehci_hcd: USB 2.0 'Enhanced' Host Controller (EHCI) Driver
[    5.305877] ehci-pci: EHCI PCI platform driver
[    5.305896] ehci-platform: EHCI generic platform driver
[    5.305901] ohci_hcd: USB 1.1 'Open' Host Controller (OHCI) Driver
[    5.305902] ohci-pci: OHCI PCI platform driver
[    5.305908] ohci-platform: OHCI generic platform driver
[    5.305912] uhci_hcd: USB Universal Host Controller Interface driver
[    5.305968] i8042: PNP: PS/2 Controller [PNP0303:PS2K,PNP0f03:PS2M] at 0x60,0x64 irq 1,12
[    5.306431] serio: i8042 KBD port at 0x60,0x64 irq 1
[    5.306435] serio: i8042 AUX port at 0x60,0x64 irq 12
[    5.306496] mousedev: PS/2 mouse device common for all mice
[    5.306742] rtc_cmos rtc_cmos: rtc core: registered rtc_cmos as rtc0
[    5.306784] rtc_cmos rtc_cmos: alarms up to one day, 114 bytes nvram
[    5.306788] i2c /dev entries driver
[    5.306827] device-mapper: uevent: version 1.0.3
[    5.306862] device-mapper: ioctl: 4.37.0-ioctl (2017-09-20) initialised: dm-devel@redhat.com
[    5.367225] input: AT Translated Set 2 keyboard as /devices/platform/i8042/serio0/input/input2
[    5.897450] ledtrig-cpu: registered to indicate activity on CPUs
[    5.899459] NET: Registered protocol family 10
[    5.903998] Segment Routing with IPv6
[    5.904963] NET: Registered protocol family 17
[    5.906360] Key type dns_resolver registered
[    5.907716] RAS: Correctable Errors collector initialized.
[    5.909057] sched_clock: Marking stable (5909028481, 0)->(16219534914, -10310506433)
[    5.918203] registered taskstats version 1
[    5.919602] Loading compiled-in X.509 certificates
[    5.923480] Loaded X.509 cert 'Build time autogenerated kernel key: cfed0c3f90bc86a77e51937f71922b89c4c6bbd5'
[    5.925798] zswap: loaded using pool lzo/zbud
[    5.930125] Key type big_key registered
[    5.930947] Key type trusted registered
[    5.932845] Key type encrypted registered
[    5.981991] AppArmor: AppArmor sha1 policy hashing enabled
[    6.034605] ima: No TPM chip found, activating TPM-bypass! (rc=-19)
[    6.064231] evm: HMAC attrs: 0x1
[    6.086219]   Magic number: 14:512:81
[    6.118203] rtc_cmos rtc_cmos: setting system clock to 2018-08-20 14:03:21 UTC (1534773801)
[    6.234570] BIOS EDD facility v0.16 2004-Jun-25, 0 devices found
[    6.269132] EDD information not available.
[    6.303952] Freeing unused kernel memory: 2408K
[    6.374115] Write protecting the kernel read-only data: 20480k
[    7.515957] Freeing unused kernel memory: 2008K
[    7.595313] Freeing unused kernel memory: 1900K
[    7.664257] x86/mm: Checked W+X mappings: passed, no W+X pages found.
[    7.766099] x86/mm: Checking user space page tables
[    7.824263] x86/mm: Checked W+X mappings: passed, no W+X pages found.
Loading, please wait...
starting version 237
[    7.966244] e1000: Intel(R) PRO/1000 Network Driver - version 7.3.21-k8-NAPI
[    8.017178] e1000: Copyright (c) 1999-2006 Intel Corporation.
[    8.026665] Fusion MPT base driver 3.04.20
[    8.043804] Copyright (c) 1999-2008 LSI Corporation
[    8.081492] Fusion MPT SPI Host driver 3.04.20
[    8.192822] AVX2 version of gcm_enc/dec engaged.
[    8.275586] input: ImExPS/2 Generic Explorer Mouse as /devices/platform/i8042/serio1/input/input4
[    8.312657] AES CTR mode by8 optimization enabled
[    8.645040] e1000 0000:00:03.0 eth0: (PCI:33MHz:32-bit) 02:53:16:74:4d:6b
[    9.086292] e1000 0000:00:03.0 eth0: Intel(R) PRO/1000 Network Connection
[    9.090319] mptbase: ioc0: Initiating bringup
[    9.092161] e1000 0000:00:03.0 enp0s3: renamed from eth0
[    9.195206] ioc0: LSI53C1030 A0: Capabilities={Initiator}
[   10.729039] scsi host2: ioc0: LSI53C1030 A0, FwRev=00000000h, Ports=1, MaxQ=256, IRQ=20
[   11.683523] scsi 2:0:0:0: Direct-Access     VBOX     HARDDISK         1.0  PQ: 0 ANSI: 5
[   11.804049] scsi target2:0:0: Beginning Domain Validation
[   11.865475] scsi target2:0:0: Domain Validation skipping write tests
[   11.867718] scsi target2:0:0: Ending Domain Validation
[   11.869289] scsi target2:0:0: asynchronous
[   11.871168] scsi 2:0:1:0: Direct-Access     VBOX     HARDDISK         1.0  PQ: 0 ANSI: 5
[   11.904237] scsi target2:0:1: Beginning Domain Validation
[   11.906630] random: fast init done
[   11.909306] scsi target2:0:1: Domain Validation skipping write tests
[   12.045288] scsi target2:0:1: Ending Domain Validation
[   12.146318] scsi target2:0:1: asynchronous
[   12.239343] random: systemd-udevd: uninitialized urandom read (16 bytes read)
[   12.241066] sd 2:0:0:0: Attached scsi generic sg0 type 0
[   12.241137] random: systemd-udevd: uninitialized urandom read (16 bytes read)
[   12.241153] random: systemd-udevd: uninitialized urandom read (16 bytes read)
[   12.241318] random: systemd-udevd: uninitialized urandom read (16 bytes read)
[   12.241327] random: systemd-udevd: uninitialized urandom read (16 bytes read)
[   12.241329] random: systemd-udevd: uninitialized urandom read (16 bytes read)
[   12.241396] sd 2:0:0:0: [sda] 20971520 512-byte logical blocks: (10.7 GB/10.0 GiB)
[   12.241443] random: systemd-udevd: uninitialized urandom read (16 bytes read)
[   12.241504] sd 2:0:0:0: [sda] Write Protect is off
[   12.241539] random: systemd-udevd: uninitialized urandom read (16 bytes read)
[   12.241596] random: systemd-udevd: uninitialized urandom read (16 bytes read)
[   12.241637] sd 2:0:0:0: [sda] Incomplete mode parameter data
[   12.241638] sd 2:0:0:0: [sda] Assuming drive cache: write through
[   12.241657] random: systemd-udevd: uninitialized urandom read (16 bytes read)
[   12.247895]  sda: sda1
[   12.248797] sd 2:0:0:0: [sda] Attached SCSI disk
[   12.521250] sd 2:0:1:0: [sdb] 20480 512-byte logical blocks: (10.5 MB/10.0 MiB)
[   12.524305] sd 2:0:1:0: [sdb] Write Protect is off
[   12.525687] sd 2:0:1:0: Attached scsi generic sg1 type 0
[   12.527325] sd 2:0:1:0: [sdb] Incomplete mode parameter data
[   12.529375] sd 2:0:1:0: [sdb] Assuming drive cache: write through
[   12.539936] sd 2:0:1:0: [sdb] Attached SCSI disk
Begin: Loading essential drivers ... [   13.940279] raid6: sse2x1   gen() 12044 MB/s
[   14.056303] raid6: sse2x1   xor()  8260 MB/s
[   14.156053] raid6: sse2x2   gen() 14197 MB/s
[   14.256282] raid6: sse2x2   xor()  9703 MB/s
[   14.364293] raid6: sse2x4   gen() 16995 MB/s
[   14.472054] raid6: sse2x4   xor() 10160 MB/s
[   14.532102] raid6: avx2x1   gen() 22237 MB/s
[   14.588275] raid6: avx2x1   xor() 16251 MB/s
[   14.704236] raid6: avx2x2   gen() 29433 MB/s
[   14.824563] raid6: avx2x2   xor() 17869 MB/s
[   14.920058] raid6: avx2x4   gen() 32875 MB/s
[   15.016564] raid6: avx2x4   xor() 20618 MB/s
[   15.054839] raid6: using algorithm avx2x4 gen() 32875 MB/s
[   15.120366] raid6: .... xor() 20618 MB/s, rmw enabled
[   15.194120] raid6: using avx2x2 recovery algorithm
[   15.250145] xor: automatically using best checksumming function   avx       
[   15.361838] async_tx: api initialized (async)
done.
Begin: Running /scripts/init-premount ... done.
Begin: Mounting root file syste[   15.407084] Btrfs loaded, crc32c=crc32c-intel
m ... Begin: Running /scripts/local-top ... done.
Begin: Running /scripts/local-premount ... Scanning for Btrfs filesystems
done.
Warning: fsck no[   15.486751] EXT4-fs (sda1): mounted filesystem with ordered data mode. Opts: (null)
t present, so skipping root file system
done.
Begin: Running /scripts/local-bottom ... done.
Begin: Running /scripts/init-bottom ... done.
[   15.729226] ip_tables: (C) 2000-2006 Netfilter Core Team
[   16.340584] systemd[1]: systemd 237 running in system mode. (+PAM +AUDIT +SELINUX +IMA +APPARMOR +SMACK +SYSVINIT +UTMP +LIBCRYPTSETUP +GCRYPT +GNUTLS +ACL +XZ +LZ4 +SECCOMP +BLKID +ELFUTILS +KMOD -IDN2 +IDN -PCRE2 default-hierarchy=hybrid)
[   16.344620] systemd[1]: Detected virtualization oracle.
[   16.345612] systemd[1]: Detected architecture x86-64.

Welcome to [1mUbuntu 18.04.1 LTS[0m!

[   17.026228] systemd[1]: Set hostname to <ubuntu-bionic>.
[   17.286179] systemd[1]: Set up automount Arbitrary Executable File Formats File System Automount Point.
[[0;32m  OK  [0m] Set up automount Arbitrary Executab…rmats File System Automount Point.
[   17.314646] systemd[1]: Reached target System Time Synchronized.
[[0;32m  OK  [0m] Reached target System Time Synchronized.
[   17.704583] systemd[1]: Started Forward Password Requests to Wall Directory Watch.
[[0;32m  OK  [0m] Started Forward Password Requests to Wall Directory Watch.
[   17.709734] systemd[1]: Created slice User and Session Slice.
[[0;32m  OK  [0m] Created slice User and Session Slice.
[   17.712195] systemd[1]: Reached target Swap.
[[0;32m  OK  [0m] Reached target Swap.
[   17.713795] systemd[1]: Reached target User and Group Name Lookups.
[[0;32m  OK  [0m] Reached target User and Group Name Lookups.
[[0;32m  OK  [0m] Created slice System Slice.
[[0;32m  OK  [0m] Listening on udev Kernel Socket.
[[0;32m  OK  [0m] Listening on LVM2 poll daemon socket.
[[0;32m  OK  [0m] Created slice system-serial\x2dgetty.slice.
[[0;32m  OK  [0m] Listening on /dev/initctl Compatibility Named Pipe.
[[0;32m  OK  [0m] Listening on Journal Socket (/dev/log).
[[0;32m  OK  [0m] Listening on Network Service Netlink Socket.
[[0;32m  OK  [0m] Reached target Slices.
[[0;32m  OK  [0m] Listening on Device-mapper event daemon FIFOs.
[[0;32m  OK  [0m] Listening on udev Control Socket.
[[0;32m  OK  [0m] Created slice system-postfix.slice.
[[0;32m  OK  [0m] Listening on LVM2 metadata daemon socket.
[[0;32m  OK  [0m] Listening on Journal Audit Socket.
[[0;32m  OK  [0m] Listening on Syslog Socket.
[[0;32m  OK  [0m] Listening on Journal Socket.
         Starting Load Kernel Modules...
[   18.118682] Loading iSCSI transport class v2.0-870.
         Startin[   18.203371] iscsi: registered transport (tcp)
g Uncomplicated firewall...
[   18.329514] iscsi: registered transport (iser)
         Starting Set the console keyboard layout...
         Starting Journal Service...
         Mounting Huge Pages File System...
         Starting Remount Root and Kernel File Systems...
         Starting udev Coldplug all Devices...
[   18.540657] EXT4-fs (sda1): re-mounted. Opts: (null)
         Mounting Kernel Debug File System...
         Mounting POSIX Message Queue File System...
         Starting Create list of required st…ce nodes for the current kernel...
         Starting Monitoring of LVM2 mirrors…ng dmeventd or progress polling...
[[0;32m  OK  [0m] Started Journal Service.
[[0;32m  OK  [0m] Started Load Kernel Modules.
[[0;32m  OK  [0m] Started Uncomplicated firewall.
[[0;32m  OK  [0m] Started Set the console keyboard layout.
[[0;32m  OK  [0m] Mounted Huge Pages File System.
[[0;32m  OK  [0m] Started Remount Root and Kernel File Systems.
[[0;32m  OK  [0m] Mounted Kernel Debug File System.
[[0;32m  OK  [0m] Mounted POSIX Message Queue File System.
[[0;32m  OK  [0m] Started Create list of required sta…vice nodes for the current kernel.
[[0;32m  OK  [0m] Started LVM2 metadata daemon.
         Starting Create Static Device Nodes in /dev...
         Starting Initial cloud-init job (pre-networking)...
[   18.787769] random: crng init done
         Starting Load/Save Random Seed...
         Starting Apply Kernel Variables...
         Mounting Kernel Configuration File System...
         Mounting FUSE Control File System...
         Starting Flush Journal to Persistent Storage...
[[0;32m  OK  [0m] Started Monitoring of LVM2 mirrors,…sing dmeventd or progress polling.
[[0;32m  OK  [0m] Started udev Coldplug all Devices.
[[0;32m  OK  [0m] Started Create Static Device Nodes in /dev.
[[0;32m  OK  [0m] Started Load/Save Random Seed.
[[0;32m  OK  [0m] Started Apply Kernel Variables.
[[0;32m  OK  [0m] Mounted Kernel Configuration File System.
[[0;32m  OK  [0m] Mounted FUSE Control File System.
         Starting udev Kernel Device Manager...
[[0;32m  OK  [0m] Reached target Local File Systems (Pre).
[[0;32m  OK  [0m] Reached target Local File Systems.
         Starting AppArmor initialization...
         Starting netfilter persistent configuration...
         Starting ebtables ruleset management...
         Starting Set console font and keymap...
         Starting Tell Plymouth To Write Out Runtime Data...
[[0;32m  OK  [0m] Started udev Kernel Device Manager.
[[0;32m  OK  [0m] Started Dispatch Password Requests to Console Directory Watch.
[[0;32m  OK  [0m] Reached target Local Encrypted Volumes.
[[0;32m  OK  [0m] Started Set console font and keymap.
[[0;32m  OK  [0m] Started Flush Journal to Persistent Storage.
[[0;32m  OK  [0m] Started Tell Plymouth To Write Out Runtime Data.
         Starting Create Volatile Files and Directories...
[[0;32m  OK  [0m] Found device /dev/ttyS0.
[[0;32m  OK  [0m] Started Create Volatile Files and Directories.
         Starting Update UTMP about System Boot/Shutdown...
[[0;32m  OK  [0m] Started Update UTMP about System Boot/Shutdown.
[[0;32m  OK  [0m] Started ebtables ruleset management.
[[0;32m  OK  [0m] Listening on Load/Save RF Kill Switch Status /dev/rfkill Watch.
[[0;32m  OK  [0m] Started AppArmor initialization.
[   20.158052] cloud-init[419]: Cloud-init v. 18.3-9-g2e62cb8a-0ubuntu1~18.04.2 running 'init-local' at Mon, 20 Aug 2018 14:03:35 +0000. Up 19.94 seconds.
[[0;32m  OK  [0m] Started Initial cloud-init job (pre-networking).
[[0;32m  OK  [0m] Started netfilter persistent configuration.
[[0;32m  OK  [0m] Reached target Network (Pre).
         Starting Network Service...
[[0;32m  OK  [0m] Started Network Service.
         Starting Wait for Network to be Configured...
         Starting Network Name Resolution...
[[0;32m  OK  [0m] Started Network Name Resolution.
[[0;32m  OK  [0m] Reached target Host and Network Name Lookups.
[[0;32m  OK  [0m] Reached target Network.
[[0;32m  OK  [0m] Started Wait for Network to be Configured.
         Starting Initial cloud-init job (metadata service crawler)...
[   22.124623] cloud-init[707]: Cloud-init v. 18.3-9-g2e62cb8a-0ubuntu1~18.04.2 running 'init' at Mon, 20 Aug 2018 14:03:37 +0000. Up 21.79 seconds.
[[0;32m  OK  [0m] Started Initial cloud-init job (metadata service crawler).
[[0;32m  OK  [0m] Reached target Network is Online.
[   22.211491] cloud-init[707]: ci-info: ++++++++++++++++++++++++++++++++++++++Net device info++++++++++++++++++++++++++++++++++++++
         Starting iSCSI initiator daemon (iscsid)...
[[0;32m  OK  [0m] Reached target Cloud-config availability.
[[0;32m  OK  [0m] Reached target System Initialization.
[   22.319144] cloud-init[707]: ci-info: +--------+------+----------------------------+---------------+--------+-------------------+
[   22.481309] cloud-init[707]: ci-info: | Device |  Up  |          Address           |      Mask     | Scope  |     Hw-Address    |
[   22.513002] cloud-init[707]: ci-info: +--------+------+----------------------------+---------------+--------+-------------------+
[[   22.584240] cloud-init[707]: ci-info: | enp0s3 | True |         10.0.2.15          | 255.255.255.0 | global | 02:53:16:74:4d:6b |
[   22.584950] cloud-init[707]: ci-info: | enp0s3 | True | fe80::53:16ff:fe74:4d6b/64 |       .       |  link  | 02:53:16:74:4d:6b |
[   22.585025] cloud-init[707]: ci-info: |   lo   | True |         127.0.0.1          |   255.0.0.0   |  host  |         .         |
[   22.585070] cloud-init[707]: ci-info: |   lo   | True |          ::1/128           |       .       |  host  |         .         |
[   22.585110] cloud-init[707]: ci-info: +--------+------+----------------------------+---------------+--------+-------------------+
[   22.585148] cloud-init[707]: ci-info: ++++++++++++++++++++++++++++Route IPv4 info+++++++++++++++++++++++++++++
[   22.585193] cloud-init[707]: ci-info: +-------+-------------+----------+-----------------+-----------+-------+
[   22.585237] cloud-init[707]: ci-info: | Route | Destination | Gateway  |     Genmask     | Interface | Flags |
[   22.585276] cloud-init[707]: ci-info: +-------+-------------+----------+-----------------+-----------+-------+
[   22.585316] cloud-init[707]: ci-info: |   0   |   0.0.0.0   | 10.0.2.2 |     0.0.0.0     |   enp0s3  |   UG  |
[   22.585359] cloud-init[707]: ci-info: |   1   |   10.0.2.0  | 0.0.0.0  |  255.255.255.0  |   enp0s3  |   U   |
[   22.585399] cloud-init[707]: ci-info: |   2   |   10.0.2.2  | 0.0.0.0  | 255.255.255.255 |   enp0s3  |   UH  |
[   22.585438] cloud-init[707]: ci-info: +-------+-------------+----------+-----------------+-----------+-------+
[   22.585481] cloud-init[707]: ci-info: +++++++++++++++++++Route IPv6 info+++++++++++++++++++
[   22.585525] cloud-init[707]: ci-info: +-------+-------------+---------+-----------+-------+
[   22.585575] cloud-init[707]: ci-info: | Route | Destination | Gateway | Interface | Flags |
[   22.585615] cloud-init[707]: ci-info: +-------+-------------+---------+-----------+-------+
[   22.585654] cloud-init[707]: ci-info: |   1   |  fe80::/64  |    ::   |   enp0s3  |   U   |
[   22.585998] cloud-init[707]: ci-info: |   3   |    local    |    ::   |   enp0s3  |   U   |
[   22.586051] cloud-init[707]: ci-info: |   4   |   ff00::/8  |    ::   |   enp0s3  |   U   |
[   22.586095] cloud-init[707]: ci-info: +-------+-------------+---------+-----------+-------+
[0;32m  OK  [0m] Started Daily apt download activities.
[[0;32m  OK  [0m] Started Daily Cleanup of Temporary Directories.
[[0;32m  OK  [0m] Listening on ACPID Listen Socket.
[[0;32m  OK  [0m] Started ACPI Events Check.
[[0;32m  OK  [0m] Reached target Paths.
[[0;32m  OK  [0m] Listening on D-Bus System Message Bus Socket.
         Starting Socket activation for snappy daemon.
[[0;32m  OK  [0m] Started Discard unused blocks once a week.
         Starting LXD - unix socket.
[[0;32m  OK  [0m] Listening on UUID daemon activation socket.
[[0;32m  OK  [0m] Started Message of the Day.
[[0;32m  OK  [0m] Started Daily apt upgrade and clean activities.
[[0;32m  OK  [0m] Reached target Timers.
[[0;32m  OK  [0m] Listening on Socket activation for snappy daemon.
[[0;32m  OK  [0m] Listening on LXD - unix socket.
[[0;32m  OK  [0m] Reached target Sockets.
[[0;32m  OK  [0m] Reached target Basic System.
[[0;32m  OK  [0m] Started D-Bus System Message Bus.
         Starting Virtualbox guest utils...
         Starting Fail2Ban Service...
         Starting LSB: Record successful boot for GRUB...
[[0;32m  OK  [0m] Started Deferred execution scheduler.
         Starting LXD - container startup/shutdown...
         Starting Postfix Mail Transport Agent (instance -)...
         Starting Snappy daemon...
         Starting Dispatcher daemon for systemd-networkd...
[[0;32m  OK  [0m] Started Unattended Upgrades Shutdown.
         Starting System Logging Service...
         Starting /etc/rc.local Compatibility...
         Starting OpenBSD Secure Shell server...
[[0;32m  OK  [0m] Started Regular background program processing daemon.
[[0;32m  OK  [0m] Started FUSE filesystem for LXC.
[[0;32m  OK  [0m] Started irqbalance daemon.
         Starting Login Service...
         Starting Accounts Service...
[[0;32m  OK  [0m] Started Snappy daemon.
[[0;32m  OK  [0m] Started System Logging Service.
[[0;32m  OK  [0m] Started Dispatcher daemon for systemd-networkd.
[[0;32m  OK  [0m] Started iSCSI initiator daemon (iscsid).
[[0;32m  OK  [0m] Started Fail2Ban Service.
[[0;32m  OK  [0m] Started LXD - container startup/shutdown.
[[0;1;31mFAILED[0m] Failed to start /etc/rc.local Compatibility.
See 'systemctl status rc-local.service' for details.
[[0;32m  OK  [0m] Started Login Service.
[[0;32m  OK  [0m] Started OpenBSD Secure Shell server.
         Starting Authorization Manager...
[[0;32m  OK  [0m] Reached target Remote File Systems (Pre).
[[0;32m  OK  [0m] Reached target Remote File Systems.
         Starting Permit User Sessions...
         Starting LSB: automatic crash report generation...
         Starting Availability of block devices...
         Starting Wait until snapd is fully seeded...
[[0;32m  OK  [0m] Started Virtualbox guest utils.
[[0;32m  OK  [0m] Started LSB: Record successful boot for GRUB.
[[0;32m  OK  [0m] Started Postfix Mail Transport Agent (instance -).
[[0;32m  OK  [0m] Started Permit User Sessions.
[[0;32m  OK  [0m] Started Availability of block devices.
[[0;32m  OK  [0m] Started Wait until snapd is fully seeded.
[[0;32m  OK  [0m] Started Authorization Manager.
[[0;32m  OK  [0m] Started Accounts Service.
         Starting Apply the settings specified in cloud-config...
         Starting Hold until boot process finishes up...
         Starting Terminate Plymouth Boot Screen...
         Starting Postfix Mail Transport Agent...
[[0;32m  OK  [0m] Started LSB: automatic crash report generation.
[[0;32m  OK  [0m] Started Hold until boot process finishes up.
[[0;32m  OK  [0m] Started Terminate Plymouth Boot Screen.
[[0;32m  OK  [0m] Started Postfix Mail Transport Agent.
[[0;32m  OK  [0m] Started Serial Getty on ttyS0.
         Starting Set console scheme...
[[0;32m  OK  [0m] Started Set console scheme.
[[0;32m  OK  [0m] Created slice system-getty.slice.
[[0;32m  OK  [0m] Started Getty on tty1.
[[0;32m  OK  [0m] Reached target Login Prompts.
[[0;32m  OK  [0m] Reached target Multi-User System.
[[0;32m  OK  [0m] Reached target Graphical Interface.
[   24.839422] cloud-init[1358]: Cloud-init v. 18.3-9-g2e62cb8a-0ubuntu1~18.04.2 running 'modules:config' at Mon, 20 Aug 2018 14:03:40 +0000. Up 24.71 seconds.
         Starting Update UTMP about System Runlevel Changes...
[[0;32m  OK  [0m] Started Apply the settings specified in cloud-config.
         Starting Execute cloud user/final scripts...
[[0;32m  OK  [0m] Started Update UTMP about System Runlevel Changes.
[   25.411730] cloud-init[1496]: Cloud-init v. 18.3-9-g2e62cb8a-0ubuntu1~18.04.2 running 'modules:final' at Mon, 20 Aug 2018 14:03:40 +0000. Up 25.27 seconds.
[[0;32m  OK  [0m] Started Execute cloud user/final scripts.
[   25.521330] [cloud-init[0;32m  OK  [0m[1496]: Cloud-init v. 18.3-9-g2e62cb8a-0ubuntu1~18.04.2 finished at Mon, 20 Aug 2018 14:03:40 +0000. Datasource DataSourceNoCloud [seed=/dev/sdb][dsmode=net].  Up 25.40 seconds] 
Reached target Cloud-init target.

Ubuntu 18.04.1 LTS ubuntu-bionic ttyS0

ubuntu-bionic login: 